{"C:\\Users\\Egor\\Desktop\\2DTanks\\server\\src\\createHttpApp.ts": {"path":"C:\\Users\\Egor\\Desktop\\2DTanks\\server\\src\\createHttpApp.ts","statementMap":{"0":{"start":{"line":8,"column":0},"end":{"line":8,"column":16}},"1":{"start":{"line":32,"column":0},"end":{"line":32,"column":16}},"2":{"start":{"line":1,"column":0},"end":{"line":1,"column":30}},"3":{"start":{"line":2,"column":0},"end":{"line":2,"column":24}},"4":{"start":{"line":3,"column":0},"end":{"line":3,"column":45}},"5":{"start":{"line":4,"column":0},"end":{"line":4,"column":51}},"6":{"start":{"line":5,"column":0},"end":{"line":5,"column":61}},"7":{"start":{"line":9,"column":4},"end":{"line":11,"column":5}},"8":{"start":{"line":10,"column":8},"end":{"line":10,"column":20}},"9":{"start":{"line":12,"column":4},"end":{"line":14,"column":5}},"10":{"start":{"line":13,"column":8},"end":{"line":13,"column":20}},"11":{"start":{"line":15,"column":4},"end":{"line":17,"column":5}},"12":{"start":{"line":16,"column":8},"end":{"line":16,"column":20}},"13":{"start":{"line":18,"column":4},"end":{"line":20,"column":5}},"14":{"start":{"line":19,"column":8},"end":{"line":19,"column":20}},"15":{"start":{"line":21,"column":4},"end":{"line":23,"column":5}},"16":{"start":{"line":22,"column":8},"end":{"line":22,"column":20}},"17":{"start":{"line":24,"column":18},"end":{"line":27,"column":24}},"18":{"start":{"line":26,"column":20},"end":{"line":26,"column":28}},"19":{"start":{"line":28,"column":4},"end":{"line":28,"column":34}},"20":{"start":{"line":33,"column":16},"end":{"line":33,"column":25}},"21":{"start":{"line":34,"column":4},"end":{"line":41,"column":6}},"22":{"start":{"line":37,"column":16},"end":{"line":37,"column":54}},"23":{"start":{"line":42,"column":4},"end":{"line":42,"column":28}},"24":{"start":{"line":43,"column":4},"end":{"line":43,"column":37}},"25":{"start":{"line":44,"column":4},"end":{"line":44,"column":47}},"26":{"start":{"line":45,"column":4},"end":{"line":45,"column":40}},"27":{"start":{"line":47,"column":4},"end":{"line":49,"column":7}},"28":{"start":{"line":48,"column":8},"end":{"line":48,"column":31}},"29":{"start":{"line":51,"column":4},"end":{"line":51,"column":15}}},"fnMap":{"0":{"name":"isAllowedCorsOrigin","decl":{"start":{"line":8,"column":16},"end":{"line":8,"column":35}},"loc":{"start":{"line":8,"column":62},"end":{"line":29,"column":1}}},"1":{"name":"(anonymous_2)","decl":{"start":{"line":26,"column":13},"end":{"line":26,"column":14}},"loc":{"start":{"line":26,"column":20},"end":{"line":26,"column":28}}},"2":{"name":"createHttpApp","decl":{"start":{"line":32,"column":16},"end":{"line":32,"column":29}},"loc":{"start":{"line":32,"column":29},"end":{"line":52,"column":1}}},"3":{"name":"(anonymous_4)","decl":{"start":{"line":36,"column":20},"end":{"line":36,"column":21}},"loc":{"start":{"line":36,"column":35},"end":{"line":38,"column":13}}},"4":{"name":"(anonymous_5)","decl":{"start":{"line":47,"column":27},"end":{"line":47,"column":28}},"loc":{"start":{"line":47,"column":41},"end":{"line":49,"column":5}}}},"branchMap":{"0":{"loc":{"start":{"line":9,"column":4},"end":{"line":11,"column":5}},"type":"if","locations":[{"start":{"line":9,"column":4},"end":{"line":11,"column":5}}]},"1":{"loc":{"start":{"line":12,"column":4},"end":{"line":14,"column":5}},"type":"if","locations":[{"start":{"line":12,"column":4},"end":{"line":14,"column":5}}]},"2":{"loc":{"start":{"line":15,"column":4},"end":{"line":17,"column":5}},"type":"if","locations":[{"start":{"line":15,"column":4},"end":{"line":17,"column":5}}]},"3":{"loc":{"start":{"line":18,"column":4},"end":{"line":20,"column":5}},"type":"if","locations":[{"start":{"line":18,"column":4},"end":{"line":20,"column":5}}]},"4":{"loc":{"start":{"line":21,"column":4},"end":{"line":23,"column":5}},"type":"if","locations":[{"start":{"line":21,"column":4},"end":{"line":23,"column":5}}]},"5":{"loc":{"start":{"line":24,"column":19},"end":{"line":24,"column":49}},"type":"binary-expr","locations":[{"start":{"line":24,"column":19},"end":{"line":24,"column":43}},{"start":{"line":24,"column":47},"end":{"line":24,"column":49}}]}},"s":{"0":2,"1":2,"2":2,"3":2,"4":2,"5":2,"6":2,"7":9,"8":2,"9":7,"10":2,"11":5,"12":1,"13":4,"14":1,"15":3,"16":1,"17":2,"18":4,"19":2,"20":1,"21":1,"22":1,"23":1,"24":1,"25":1,"26":1,"27":1,"28":1,"29":1},"f":{"0":9,"1":4,"2":1,"3":1,"4":1},"b":{"0":[2],"1":[2],"2":[1],"3":[1],"4":[1],"5":[2,0]}}
,"C:\\Users\\Egor\\Desktop\\2DTanks\\server\\src\\serverPort.ts": {"path":"C:\\Users\\Egor\\Desktop\\2DTanks\\server\\src\\serverPort.ts","statementMap":{"0":{"start":{"line":18,"column":0},"end":{"line":18,"column":16}},"1":{"start":{"line":5,"column":22},"end":{"line":5,"column":62}},"2":{"start":{"line":8,"column":4},"end":{"line":10,"column":5}},"3":{"start":{"line":9,"column":8},"end":{"line":9,"column":20}},"4":{"start":{"line":11,"column":14},"end":{"line":11,"column":32}},"5":{"start":{"line":12,"column":4},"end":{"line":14,"column":5}},"6":{"start":{"line":13,"column":8},"end":{"line":13,"column":20}},"7":{"start":{"line":15,"column":4},"end":{"line":15,"column":25}},"8":{"start":{"line":19,"column":22},"end":{"line":19,"column":63}},"9":{"start":{"line":20,"column":4},"end":{"line":22,"column":5}},"10":{"start":{"line":21,"column":8},"end":{"line":21,"column":25}},"11":{"start":{"line":24,"column":21},"end":{"line":24,"column":55}},"12":{"start":{"line":25,"column":4},"end":{"line":34,"column":5}},"13":{"start":{"line":26,"column":8},"end":{"line":32,"column":9}},"14":{"start":{"line":27,"column":12},"end":{"line":30,"column":14}},"15":{"start":{"line":31,"column":12},"end":{"line":31,"column":24}},"16":{"start":{"line":33,"column":8},"end":{"line":33,"column":24}},"17":{"start":{"line":36,"column":4},"end":{"line":36,"column":16}}},"fnMap":{"0":{"name":"parsePositiveInt","decl":{"start":{"line":7,"column":9},"end":{"line":7,"column":25}},"loc":{"start":{"line":7,"column":49},"end":{"line":16,"column":1}}},"1":{"name":"resolveListenPort","decl":{"start":{"line":18,"column":16},"end":{"line":18,"column":33}},"loc":{"start":{"line":18,"column":33},"end":{"line":37,"column":1}}}},"branchMap":{"0":{"loc":{"start":{"line":8,"column":4},"end":{"line":10,"column":5}},"type":"if","locations":[{"start":{"line":8,"column":4},"end":{"line":10,"column":5}}]},"1":{"loc":{"start":{"line":8,"column":8},"end":{"line":8,"column":39}},"type":"binary-expr","locations":[{"start":{"line":8,"column":8},"end":{"line":8,"column":25}},{"start":{"line":8,"column":29},"end":{"line":8,"column":39}}]},"2":{"loc":{"start":{"line":12,"column":4},"end":{"line":14,"column":5}},"type":"if","locations":[{"start":{"line":12,"column":4},"end":{"line":14,"column":5}}]},"3":{"loc":{"start":{"line":12,"column":8},"end":{"line":12,"column":49}},"type":"binary-expr","locations":[{"start":{"line":12,"column":8},"end":{"line":12,"column":27}},{"start":{"line":12,"column":31},"end":{"line":12,"column":36}},{"start":{"line":12,"column":40},"end":{"line":12,"column":49}}]},"4":{"loc":{"start":{"line":20,"column":4},"end":{"line":22,"column":5}},"type":"if","locations":[{"start":{"line":20,"column":4},"end":{"line":22,"column":5}}]},"5":{"loc":{"start":{"line":25,"column":4},"end":{"line":34,"column":5}},"type":"if","locations":[{"start":{"line":25,"column":4},"end":{"line":34,"column":5}}]},"6":{"loc":{"start":{"line":26,"column":8},"end":{"line":32,"column":9}},"type":"if","locations":[{"start":{"line":26,"column":8},"end":{"line":32,"column":9}}]}},"s":{"0":1,"1":1,"2":11,"3":6,"4":5,"5":5,"6":2,"7":3,"8":6,"9":6,"10":1,"11":5,"12":5,"13":2,"14":1,"15":1,"16":1,"17":3},"f":{"0":11,"1":6},"b":{"0":[6],"1":[11,5],"2":[2],"3":[5,4,4],"4":[1],"5":[2],"6":[1]}}
,"C:\\Users\\Egor\\Desktop\\2DTanks\\server\\src\\auth\\httpAuth.ts": {"path":"C:\\Users\\Egor\\Desktop\\2DTanks\\server\\src\\auth\\httpAuth.ts","statementMap":{"0":{"start":{"line":11,"column":0},"end":{"line":11,"column":16}},"1":{"start":{"line":3,"column":0},"end":{"line":3,"column":42}},"2":{"start":{"line":12,"column":19},"end":{"line":12,"column":44}},"3":{"start":{"line":13,"column":18},"end":{"line":13,"column":77}},"4":{"start":{"line":14,"column":4},"end":{"line":17,"column":5}},"5":{"start":{"line":15,"column":8},"end":{"line":15,"column":54}},"6":{"start":{"line":16,"column":8},"end":{"line":16,"column":15}},"7":{"start":{"line":18,"column":4},"end":{"line":23,"column":5}},"8":{"start":{"line":19,"column":8},"end":{"line":19,"column":44}},"9":{"start":{"line":20,"column":8},"end":{"line":20,"column":15}},"10":{"start":{"line":22,"column":8},"end":{"line":22,"column":66}}},"fnMap":{"0":{"name":"requireBearerAuth","decl":{"start":{"line":11,"column":16},"end":{"line":11,"column":33}},"loc":{"start":{"line":11,"column":81},"end":{"line":24,"column":1}}}},"branchMap":{"0":{"loc":{"start":{"line":13,"column":18},"end":{"line":13,"column":77}},"type":"cond-expr","locations":[{"start":{"line":13,"column":50},"end":{"line":13,"column":72}},{"start":{"line":13,"column":75},"end":{"line":13,"column":77}}]},"1":{"loc":{"start":{"line":14,"column":4},"end":{"line":17,"column":5}},"type":"if","locations":[{"start":{"line":14,"column":4},"end":{"line":17,"column":5}}]}},"s":{"0":3,"1":3,"2":3,"3":3,"4":3,"5":1,"6":1,"7":2,"8":2,"9":1,"10":1},"f":{"0":3},"b":{"0":[2,1],"1":[1]}}
,"C:\\Users\\Egor\\Desktop\\2DTanks\\server\\src\\auth\\jwt.ts": {"path":"C:\\Users\\Egor\\Desktop\\2DTanks\\server\\src\\auth\\jwt.ts","statementMap":{"0":{"start":{"line":20,"column":0},"end":{"line":20,"column":16}},"1":{"start":{"line":28,"column":0},"end":{"line":28,"column":16}},"2":{"start":{"line":39,"column":0},"end":{"line":39,"column":16}},"3":{"start":{"line":1,"column":0},"end":{"line":1,"column":31}},"4":{"start":{"line":10,"column":24},"end":{"line":10,"column":40}},"5":{"start":{"line":13,"column":14},"end":{"line":13,"column":44}},"6":{"start":{"line":14,"column":4},"end":{"line":16,"column":5}},"7":{"start":{"line":15,"column":8},"end":{"line":15,"column":49}},"8":{"start":{"line":17,"column":4},"end":{"line":17,"column":13}},"9":{"start":{"line":21,"column":4},"end":{"line":25,"column":6}},"10":{"start":{"line":29,"column":20},"end":{"line":29,"column":65}},"11":{"start":{"line":30,"column":16},"end":{"line":30,"column":27}},"12":{"start":{"line":31,"column":18},"end":{"line":31,"column":53}},"13":{"start":{"line":32,"column":24},"end":{"line":32,"column":65}},"14":{"start":{"line":33,"column":4},"end":{"line":35,"column":5}},"15":{"start":{"line":34,"column":8},"end":{"line":34,"column":49}},"16":{"start":{"line":36,"column":4},"end":{"line":36,"column":39}},"17":{"start":{"line":40,"column":4},"end":{"line":40,"column":73}}},"fnMap":{"0":{"name":"secret","decl":{"start":{"line":12,"column":9},"end":{"line":12,"column":15}},"loc":{"start":{"line":12,"column":15},"end":{"line":18,"column":1}}},"1":{"name":"signAccessToken","decl":{"start":{"line":20,"column":16},"end":{"line":20,"column":31}},"loc":{"start":{"line":20,"column":91},"end":{"line":26,"column":1}}},"2":{"name":"verifyAccessToken","decl":{"start":{"line":28,"column":16},"end":{"line":28,"column":33}},"loc":{"start":{"line":28,"column":47},"end":{"line":37,"column":1}}},"3":{"name":"payloadToWsUser","decl":{"start":{"line":39,"column":16},"end":{"line":39,"column":31}},"loc":{"start":{"line":39,"column":53},"end":{"line":41,"column":1}}}},"branchMap":{"0":{"loc":{"start":{"line":14,"column":4},"end":{"line":16,"column":5}},"type":"if","locations":[{"start":{"line":14,"column":4},"end":{"line":16,"column":5}}]},"1":{"loc":{"start":{"line":20,"column":61},"end":{"line":20,"column":91}},"type":"default-arg","locations":[{"start":{"line":20,"column":76},"end":{"line":20,"column":91}}]},"2":{"loc":{"start":{"line":33,"column":4},"end":{"line":35,"column":5}},"type":"if","locations":[{"start":{"line":33,"column":4},"end":{"line":35,"column":5}}]},"3":{"loc":{"start":{"line":33,"column":8},"end":{"line":33,"column":38}},"type":"binary-expr","locations":[{"start":{"line":33,"column":8},"end":{"line":33,"column":12}},{"start":{"line":33,"column":16},"end":{"line":33,"column":22}},{"start":{"line":33,"column":26},"end":{"line":33,"column":38}}]}},"s":{"0":5,"1":5,"2":5,"3":5,"4":5,"5":12,"6":12,"7":1,"8":11,"9":5,"10":7,"11":4,"12":4,"13":4,"14":4,"15":1,"16":3,"17":2},"f":{"0":12,"1":5,"2":7,"3":2},"b":{"0":[1],"1":[5],"2":[1],"3":[4,4,4]}}
,"C:\\Users\\Egor\\Desktop\\2DTanks\\server\\src\\auth\\password.ts": {"path":"C:\\Users\\Egor\\Desktop\\2DTanks\\server\\src\\auth\\password.ts","statementMap":{"0":{"start":{"line":5,"column":0},"end":{"line":5,"column":7}},"1":{"start":{"line":9,"column":0},"end":{"line":9,"column":7}},"2":{"start":{"line":1,"column":0},"end":{"line":1,"column":28}},"3":{"start":{"line":3,"column":15},"end":{"line":3,"column":17}},"4":{"start":{"line":6,"column":4},"end":{"line":6,"column":38}},"5":{"start":{"line":10,"column":4},"end":{"line":10,"column":39}}},"fnMap":{"0":{"name":"hashPassword","decl":{"start":{"line":5,"column":22},"end":{"line":5,"column":34}},"loc":{"start":{"line":5,"column":48},"end":{"line":7,"column":1}}},"1":{"name":"verifyPassword","decl":{"start":{"line":9,"column":22},"end":{"line":9,"column":36}},"loc":{"start":{"line":9,"column":64},"end":{"line":11,"column":1}}}},"branchMap":{},"s":{"0":3,"1":3,"2":3,"3":3,"4":2,"5":2},"f":{"0":2,"1":2},"b":{}}
,"C:\\Users\\Egor\\Desktop\\2DTanks\\server\\src\\constants\\gameConstants.ts": {"path":"C:\\Users\\Egor\\Desktop\\2DTanks\\server\\src\\constants\\gameConstants.ts","statementMap":{"0":{"start":{"line":12,"column":0},"end":{"line":12,"column":16}},"1":{"start":{"line":1,"column":13},"end":{"line":1,"column":51}},"2":{"start":{"line":2,"column":13},"end":{"line":2,"column":67}},"3":{"start":{"line":3,"column":13},"end":{"line":3,"column":50}},"4":{"start":{"line":4,"column":13},"end":{"line":4,"column":66}},"5":{"start":{"line":10,"column":13},"end":{"line":10,"column":62}},"6":{"start":{"line":13,"column":16},"end":{"line":13,"column":81}},"7":{"start":{"line":14,"column":4},"end":{"line":14,"column":35}},"8":{"start":{"line":16,"column":13},"end":{"line":16,"column":65}},"9":{"start":{"line":22,"column":13},"end":{"line":22,"column":68}},"10":{"start":{"line":23,"column":13},"end":{"line":23,"column":60}},"11":{"start":{"line":24,"column":13},"end":{"line":24,"column":62}},"12":{"start":{"line":25,"column":13},"end":{"line":25,"column":49}},"13":{"start":{"line":27,"column":13},"end":{"line":27,"column":53}},"14":{"start":{"line":28,"column":13},"end":{"line":28,"column":53}},"15":{"start":{"line":29,"column":13},"end":{"line":29,"column":53}},"16":{"start":{"line":30,"column":13},"end":{"line":30,"column":51}},"17":{"start":{"line":31,"column":13},"end":{"line":31,"column":48}},"18":{"start":{"line":32,"column":13},"end":{"line":32,"column":75}},"19":{"start":{"line":33,"column":13},"end":{"line":33,"column":79}},"20":{"start":{"line":35,"column":0},"end":{"line":35,"column":null}},"21":{"start":{"line":36,"column":4},"end":{"line":36,"column":null}},"22":{"start":{"line":37,"column":4},"end":{"line":37,"column":null}},"23":{"start":{"line":38,"column":4},"end":{"line":38,"column":null}},"24":{"start":{"line":39,"column":4},"end":{"line":39,"column":null}},"25":{"start":{"line":40,"column":4},"end":{"line":40,"column":null}},"26":{"start":{"line":41,"column":4},"end":{"line":41,"column":null}},"27":{"start":{"line":43,"column":4},"end":{"line":43,"column":null}},"28":{"start":{"line":47,"column":13},"end":{"line":47,"column":39}},"29":{"start":{"line":71,"column":8},"end":{"line":71,"column":82}},"30":{"start":{"line":75,"column":8},"end":{"line":75,"column":90}},"31":{"start":{"line":50,"column":0},"end":{"line":50,"column":13}},"32":{"start":{"line":51,"column":27},"end":{"line":51,"column":66}},"33":{"start":{"line":53,"column":27},"end":{"line":53,"column":60}},"34":{"start":{"line":54,"column":27},"end":{"line":54,"column":60}},"35":{"start":{"line":55,"column":27},"end":{"line":55,"column":52}},"36":{"start":{"line":56,"column":27},"end":{"line":56,"column":83}},"37":{"start":{"line":57,"column":27},"end":{"line":57,"column":84}},"38":{"start":{"line":58,"column":27},"end":{"line":58,"column":88}},"39":{"start":{"line":59,"column":27},"end":{"line":59,"column":85}},"40":{"start":{"line":60,"column":27},"end":{"line":60,"column":86}},"41":{"start":{"line":61,"column":27},"end":{"line":61,"column":85}},"42":{"start":{"line":62,"column":27},"end":{"line":62,"column":83}},"43":{"start":{"line":63,"column":27},"end":{"line":63,"column":73}},"44":{"start":{"line":64,"column":27},"end":{"line":64,"column":70}},"45":{"start":{"line":65,"column":27},"end":{"line":65,"column":64}},"46":{"start":{"line":66,"column":27},"end":{"line":66,"column":60}},"47":{"start":{"line":67,"column":27},"end":{"line":67,"column":49}},"48":{"start":{"line":68,"column":27},"end":{"line":68,"column":49}}},"fnMap":{"0":{"name":"dynamicCrateMass","decl":{"start":{"line":12,"column":16},"end":{"line":12,"column":32}},"loc":{"start":{"line":12,"column":52},"end":{"line":15,"column":1}}},"1":{"name":"(anonymous_1)","decl":{"start":{"line":35,"column":0},"end":{"line":35,"column":12}},"loc":{"start":{"line":35,"column":17},"end":{"line":44,"column":1}}},"2":{"name":"(anonymous_2)","decl":{"start":{"line":70,"column":11},"end":{"line":70,"column":17}},"loc":{"start":{"line":70,"column":48},"end":{"line":72,"column":5}}},"3":{"name":"(anonymous_3)","decl":{"start":{"line":74,"column":11},"end":{"line":74,"column":17}},"loc":{"start":{"line":74,"column":49},"end":{"line":76,"column":5}}}},"branchMap":{"0":{"loc":{"start":{"line":35,"column":12},"end":{"line":35,"column":null}},"type":"binary-expr","locations":[{"start":{"line":35,"column":12},"end":{"line":35,"column":17}},{"start":{"line":35,"column":17},"end":{"line":35,"column":null}}]}},"s":{"0":5,"1":5,"2":5,"3":5,"4":5,"5":5,"6":5,"7":5,"8":5,"9":5,"10":5,"11":5,"12":5,"13":5,"14":5,"15":5,"16":5,"17":5,"18":5,"19":5,"20":5,"21":5,"22":5,"23":5,"24":5,"25":5,"26":5,"27":5,"28":5,"29":1,"30":1,"31":5,"32":5,"33":5,"34":5,"35":5,"36":5,"37":5,"38":5,"39":5,"40":5,"41":5,"42":5,"43":5,"44":5,"45":5,"46":5,"47":5,"48":5},"f":{"0":5,"1":5,"2":1,"3":1},"b":{"0":[5,5]}}
,"C:\\Users\\Egor\\Desktop\\2DTanks\\server\\src\\db\\pool.ts": {"path":"C:\\Users\\Egor\\Desktop\\2DTanks\\server\\src\\db\\pool.ts","statementMap":{"0":{"start":{"line":5,"column":0},"end":{"line":5,"column":16}},"1":{"start":{"line":16,"column":0},"end":{"line":16,"column":7}},"2":{"start":{"line":1,"column":0},"end":{"line":1,"column":26}},"3":{"start":{"line":3,"column":24},"end":{"line":3,"column":28}},"4":{"start":{"line":6,"column":16},"end":{"line":6,"column":48}},"5":{"start":{"line":7,"column":4},"end":{"line":9,"column":5}},"6":{"start":{"line":8,"column":8},"end":{"line":8,"column":20}},"7":{"start":{"line":10,"column":4},"end":{"line":12,"column":5}},"8":{"start":{"line":11,"column":8},"end":{"line":11,"column":51}},"9":{"start":{"line":13,"column":4},"end":{"line":13,"column":16}},"10":{"start":{"line":17,"column":4},"end":{"line":20,"column":5}},"11":{"start":{"line":18,"column":8},"end":{"line":18,"column":25}},"12":{"start":{"line":19,"column":8},"end":{"line":19,"column":20}}},"fnMap":{"0":{"name":"getPool","decl":{"start":{"line":5,"column":16},"end":{"line":5,"column":23}},"loc":{"start":{"line":5,"column":23},"end":{"line":14,"column":1}}},"1":{"name":"closePool","decl":{"start":{"line":16,"column":22},"end":{"line":16,"column":31}},"loc":{"start":{"line":16,"column":31},"end":{"line":21,"column":1}}}},"branchMap":{"0":{"loc":{"start":{"line":7,"column":4},"end":{"line":9,"column":5}},"type":"if","locations":[{"start":{"line":7,"column":4},"end":{"line":9,"column":5}}]},"1":{"loc":{"start":{"line":10,"column":4},"end":{"line":12,"column":5}},"type":"if","locations":[{"start":{"line":10,"column":4},"end":{"line":12,"column":5}}]},"2":{"loc":{"start":{"line":17,"column":4},"end":{"line":20,"column":5}},"type":"if","locations":[{"start":{"line":17,"column":4},"end":{"line":20,"column":5}}]}},"s":{"0":5,"1":5,"2":5,"3":5,"4":3,"5":3,"6":3,"7":0,"8":0,"9":0,"10":4,"11":0,"12":0},"f":{"0":3,"1":4},"b":{"0":[3],"1":[0],"2":[0]}}
,"C:\\Users\\Egor\\Desktop\\2DTanks\\server\\src\\game\\world\\deathmatchArenaLayout.ts": {"path":"C:\\Users\\Egor\\Desktop\\2DTanks\\server\\src\\game\\world\\deathmatchArenaLayout.ts","statementMap":{"0":{"start":{"line":46,"column":0},"end":{"line":46,"column":16}},"1":{"start":{"line":54,"column":0},"end":{"line":54,"column":16}},"2":{"start":{"line":72,"column":0},"end":{"line":72,"column":16}},"3":{"start":{"line":121,"column":0},"end":{"line":121,"column":16}},"4":{"start":{"line":1,"column":0},"end":{"line":1,"column":101}},"5":{"start":{"line":8,"column":13},"end":{"line":15,"column":2}},"6":{"start":{"line":18,"column":83},"end":{"line":25,"column":2}},"7":{"start":{"line":28,"column":87},"end":{"line":35,"column":2}},"8":{"start":{"line":37,"column":88},"end":{"line":41,"column":2}},"9":{"start":{"line":43,"column":13},"end":{"line":43,"column":71}},"10":{"start":{"line":47,"column":16},"end":{"line":47,"column":56}},"11":{"start":{"line":48,"column":4},"end":{"line":48,"column":36}},"12":{"start":{"line":57,"column":19},"end":{"line":57,"column":36}},"13":{"start":{"line":58,"column":4},"end":{"line":68,"column":5}},"14":{"start":{"line":59,"column":8},"end":{"line":67,"column":9}},"15":{"start":{"line":59,"column":22},"end":{"line":59,"column":24}},"16":{"start":{"line":60,"column":12},"end":{"line":66,"column":13}},"17":{"start":{"line":60,"column":26},"end":{"line":60,"column":28}},"18":{"start":{"line":61,"column":26},"end":{"line":61,"column":35}},"19":{"start":{"line":62,"column":26},"end":{"line":62,"column":34}},"20":{"start":{"line":63,"column":16},"end":{"line":65,"column":17}},"21":{"start":{"line":64,"column":20},"end":{"line":64,"column":44}},"22":{"start":{"line":69,"column":4},"end":{"line":69,"column":18}},"23":{"start":{"line":73,"column":56},"end":{"line":73,"column":58}},"24":{"start":{"line":74,"column":4},"end":{"line":80,"column":5}},"25":{"start":{"line":74,"column":20},"end":{"line":74,"column":21}},"26":{"start":{"line":75,"column":8},"end":{"line":79,"column":9}},"27":{"start":{"line":75,"column":23},"end":{"line":75,"column":24}},"28":{"start":{"line":76,"column":12},"end":{"line":78,"column":13}},"29":{"start":{"line":77,"column":16},"end":{"line":77,"column":42}},"30":{"start":{"line":81,"column":4},"end":{"line":81,"column":17}},"31":{"start":{"line":88,"column":13},"end":{"line":115,"column":2}},"32":{"start":{"line":126,"column":4},"end":{"line":128,"column":5}},"33":{"start":{"line":127,"column":8},"end":{"line":127,"column":18}},"34":{"start":{"line":129,"column":20},"end":{"line":129,"column":71}},"35":{"start":{"line":129,"column":49},"end":{"line":129,"column":69}},"36":{"start":{"line":130,"column":57},"end":{"line":130,"column":59}},"37":{"start":{"line":131,"column":17},"end":{"line":131,"column":34}},"38":{"start":{"line":133,"column":17},"end":{"line":141,"column":5}},"39":{"start":{"line":134,"column":18},"end":{"line":134,"column":34}},"40":{"start":{"line":135,"column":8},"end":{"line":137,"column":9}},"41":{"start":{"line":136,"column":12},"end":{"line":136,"column":25}},"42":{"start":{"line":138,"column":8},"end":{"line":138,"column":20}},"43":{"start":{"line":139,"column":8},"end":{"line":139,"column":35}},"44":{"start":{"line":140,"column":8},"end":{"line":140,"column":20}},"45":{"start":{"line":143,"column":4},"end":{"line":148,"column":5}},"46":{"start":{"line":144,"column":8},"end":{"line":146,"column":9}},"47":{"start":{"line":145,"column":12},"end":{"line":145,"column":18}},"48":{"start":{"line":147,"column":8},"end":{"line":147,"column":28}},"49":{"start":{"line":150,"column":4},"end":{"line":174,"column":5}},"50":{"start":{"line":151,"column":57},"end":{"line":151,"column":61}},"51":{"start":{"line":152,"column":24},"end":{"line":152,"column":26}},"52":{"start":{"line":153,"column":8},"end":{"line":168,"column":9}},"53":{"start":{"line":154,"column":22},"end":{"line":154,"column":42}},"54":{"start":{"line":155,"column":12},"end":{"line":157,"column":13}},"55":{"start":{"line":156,"column":16},"end":{"line":156,"column":25}},"56":{"start":{"line":159,"column":16},"end":{"line":162,"column":null}},"57":{"start":{"line":162,"column":47},"end":{"line":162,"column":98}},"58":{"start":{"line":164,"column":12},"end":{"line":167,"column":13}},"59":{"start":{"line":165,"column":16},"end":{"line":165,"column":33}},"60":{"start":{"line":166,"column":16},"end":{"line":166,"column":25}},"61":{"start":{"line":169,"column":8},"end":{"line":171,"column":9}},"62":{"start":{"line":170,"column":12},"end":{"line":170,"column":18}},"63":{"start":{"line":172,"column":8},"end":{"line":172,"column":45}},"64":{"start":{"line":173,"column":8},"end":{"line":173,"column":26}},"65":{"start":{"line":176,"column":14},"end":{"line":176,"column":15}},"66":{"start":{"line":177,"column":4},"end":{"line":180,"column":5}},"67":{"start":{"line":178,"column":8},"end":{"line":178,"column":63}},"68":{"start":{"line":179,"column":8},"end":{"line":179,"column":14}},"69":{"start":{"line":182,"column":4},"end":{"line":182,"column":18}}},"fnMap":{"0":{"name":"getDeathmatchArenaWallCellsForSeed","decl":{"start":{"line":46,"column":16},"end":{"line":46,"column":50}},"loc":{"start":{"line":46,"column":63},"end":{"line":49,"column":1}}},"1":{"name":"deathmatchBannedCellsAroundWalls","decl":{"start":{"line":54,"column":16},"end":{"line":54,"column":48}},"loc":{"start":{"line":55,"column":89},"end":{"line":70,"column":1}}},"2":{"name":"buildFreeSpawnSlots","decl":{"start":{"line":72,"column":16},"end":{"line":72,"column":35}},"loc":{"start":{"line":72,"column":55},"end":{"line":82,"column":1}}},"3":{"name":"pickDeathmatchSpawnSlots","decl":{"start":{"line":121,"column":16},"end":{"line":121,"column":40}},"loc":{"start":{"line":124,"column":86},"end":{"line":183,"column":1}}},"4":{"name":"(anonymous_4)","decl":{"start":{"line":129,"column":42},"end":{"line":129,"column":43}},"loc":{"start":{"line":129,"column":49},"end":{"line":129,"column":69}}},"5":{"name":"(anonymous_5)","decl":{"start":{"line":133,"column":17},"end":{"line":133,"column":18}},"loc":{"start":{"line":133,"column":56},"end":{"line":141,"column":5}}},"6":{"name":"(anonymous_6)","decl":{"start":{"line":162,"column":40},"end":{"line":162,"column":41}},"loc":{"start":{"line":162,"column":47},"end":{"line":162,"column":98}}}},"branchMap":{"0":{"loc":{"start":{"line":55,"column":4},"end":{"line":55,"column":89}},"type":"default-arg","locations":[{"start":{"line":55,"column":62},"end":{"line":55,"column":89}}]},"1":{"loc":{"start":{"line":63,"column":16},"end":{"line":65,"column":17}},"type":"if","locations":[{"start":{"line":63,"column":16},"end":{"line":65,"column":17}}]},"2":{"loc":{"start":{"line":63,"column":20},"end":{"line":63,"column":102}},"type":"binary-expr","locations":[{"start":{"line":63,"column":20},"end":{"line":63,"column":26}},{"start":{"line":63,"column":30},"end":{"line":63,"column":58}},{"start":{"line":63,"column":62},"end":{"line":63,"column":68}},{"start":{"line":63,"column":72},"end":{"line":63,"column":102}}]},"3":{"loc":{"start":{"line":76,"column":12},"end":{"line":78,"column":13}},"type":"if","locations":[{"start":{"line":76,"column":12},"end":{"line":78,"column":13}}]},"4":{"loc":{"start":{"line":124,"column":4},"end":{"line":124,"column":86}},"type":"default-arg","locations":[{"start":{"line":124,"column":61},"end":{"line":124,"column":86}}]},"5":{"loc":{"start":{"line":126,"column":4},"end":{"line":128,"column":5}},"type":"if","locations":[{"start":{"line":126,"column":4},"end":{"line":128,"column":5}}]},"6":{"loc":{"start":{"line":135,"column":8},"end":{"line":137,"column":9}},"type":"if","locations":[{"start":{"line":135,"column":8},"end":{"line":137,"column":9}}]},"7":{"loc":{"start":{"line":135,"column":12},"end":{"line":135,"column":42}},"type":"binary-expr","locations":[{"start":{"line":135,"column":12},"end":{"line":135,"column":27}},{"start":{"line":135,"column":31},"end":{"line":135,"column":42}}]},"8":{"loc":{"start":{"line":144,"column":8},"end":{"line":146,"column":9}},"type":"if","locations":[{"start":{"line":144,"column":8},"end":{"line":146,"column":9}}]},"9":{"loc":{"start":{"line":155,"column":12},"end":{"line":157,"column":13}},"type":"if","locations":[{"start":{"line":155,"column":12},"end":{"line":157,"column":13}}]},"10":{"loc":{"start":{"line":159,"column":16},"end":{"line":162,"column":null}},"type":"cond-expr","locations":[{"start":{"line":160,"column":22},"end":{"line":160,"column":23}},{"start":{"line":161,"column":22},"end":{"line":162,"column":null}}]},"11":{"loc":{"start":{"line":164,"column":12},"end":{"line":167,"column":13}},"type":"if","locations":[{"start":{"line":164,"column":12},"end":{"line":167,"column":13}}]},"12":{"loc":{"start":{"line":169,"column":8},"end":{"line":171,"column":9}},"type":"if","locations":[{"start":{"line":169,"column":8},"end":{"line":171,"column":9}}]},"13":{"loc":{"start":{"line":177,"column":11},"end":{"line":177,"column":57}},"type":"binary-expr","locations":[{"start":{"line":177,"column":11},"end":{"line":177,"column":33}},{"start":{"line":177,"column":37},"end":{"line":177,"column":57}}]}},"s":{"0":1,"1":1,"2":1,"3":1,"4":1,"5":1,"6":1,"7":1,"8":1,"9":1,"10":6,"11":6,"12":4,"13":4,"14":24,"15":24,"16":72,"17":72,"18":216,"19":216,"20":216,"21":216,"22":4,"23":2,"24":2,"25":2,"26":10,"27":10,"28":110,"29":32,"30":2,"31":1,"32":4,"33":2,"34":2,"35":17,"36":2,"37":2,"38":2,"39":6,"40":6,"41":2,"42":4,"43":4,"44":4,"45":2,"46":7,"47":1,"48":6,"49":2,"50":2,"51":2,"52":2,"53":2,"54":2,"55":1,"56":1,"57":0,"58":1,"59":1,"60":1,"61":2,"62":1,"63":1,"64":1,"65":2,"66":2,"67":3,"68":3,"69":2},"f":{"0":6,"1":4,"2":2,"3":4,"4":17,"5":6,"6":0},"b":{"0":[3],"1":[216],"2":[216,216,216,216],"3":[32],"4":[3],"5":[2],"6":[2],"7":[6,4],"8":[1],"9":[1],"10":[1,0],"11":[1],"12":[1],"13":[5,3]}}
,"C:\\Users\\Egor\\Desktop\\2DTanks\\server\\src\\gameApi\\parseTankPresetPayload.ts": {"path":"C:\\Users\\Egor\\Desktop\\2DTanks\\server\\src\\gameApi\\parseTankPresetPayload.ts","statementMap":{"0":{"start":{"line":4,"column":0},"end":{"line":4,"column":16}},"1":{"start":{"line":2,"column":0},"end":{"line":2,"column":62}},"2":{"start":{"line":7,"column":4},"end":{"line":9,"column":5}},"3":{"start":{"line":8,"column":8},"end":{"line":8,"column":70}},"4":{"start":{"line":10,"column":16},"end":{"line":10,"column":47}},"5":{"start":{"line":11,"column":22},"end":{"line":11,"column":73}},"6":{"start":{"line":12,"column":4},"end":{"line":14,"column":5}},"7":{"start":{"line":13,"column":8},"end":{"line":13,"column":71}},"8":{"start":{"line":15,"column":4},"end":{"line":17,"column":5}},"9":{"start":{"line":16,"column":8},"end":{"line":16,"column":99}},"10":{"start":{"line":18,"column":41},"end":{"line":18,"column":43}},"11":{"start":{"line":19,"column":4},"end":{"line":25,"column":5}},"12":{"start":{"line":20,"column":18},"end":{"line":20,"column":26}},"13":{"start":{"line":21,"column":8},"end":{"line":23,"column":9}},"14":{"start":{"line":22,"column":12},"end":{"line":22,"column":79}},"15":{"start":{"line":24,"column":8},"end":{"line":24,"column":22}},"16":{"start":{"line":26,"column":4},"end":{"line":36,"column":6}}},"fnMap":{"0":{"name":"parseTankPresetPayload","decl":{"start":{"line":4,"column":16},"end":{"line":4,"column":38}},"loc":{"start":{"line":4,"column":52},"end":{"line":37,"column":1}}}},"branchMap":{"0":{"loc":{"start":{"line":7,"column":4},"end":{"line":9,"column":5}},"type":"if","locations":[{"start":{"line":7,"column":4},"end":{"line":9,"column":5}}]},"1":{"loc":{"start":{"line":7,"column":8},"end":{"line":7,"column":41}},"type":"binary-expr","locations":[{"start":{"line":7,"column":8},"end":{"line":7,"column":13}},{"start":{"line":7,"column":17},"end":{"line":7,"column":41}}]},"2":{"loc":{"start":{"line":11,"column":22},"end":{"line":11,"column":73}},"type":"cond-expr","locations":[{"start":{"line":11,"column":53},"end":{"line":11,"column":68}},{"start":{"line":11,"column":71},"end":{"line":11,"column":73}}]},"3":{"loc":{"start":{"line":12,"column":4},"end":{"line":14,"column":5}},"type":"if","locations":[{"start":{"line":12,"column":4},"end":{"line":14,"column":5}}]},"4":{"loc":{"start":{"line":15,"column":4},"end":{"line":17,"column":5}},"type":"if","locations":[{"start":{"line":15,"column":4},"end":{"line":17,"column":5}}]},"5":{"loc":{"start":{"line":21,"column":8},"end":{"line":23,"column":9}},"type":"if","locations":[{"start":{"line":21,"column":8},"end":{"line":23,"column":9}}]},"6":{"loc":{"start":{"line":21,"column":12},"end":{"line":21,"column":76}},"type":"binary-expr","locations":[{"start":{"line":21,"column":12},"end":{"line":21,"column":33}},{"start":{"line":21,"column":37},"end":{"line":21,"column":57}},{"start":{"line":21,"column":61},"end":{"line":21,"column":66}},{"start":{"line":21,"column":70},"end":{"line":21,"column":76}}]}},"s":{"0":3,"1":3,"2":9,"3":4,"4":5,"5":5,"6":5,"7":1,"8":4,"9":1,"10":3,"11":3,"12":7,"13":7,"14":2,"15":5,"16":1},"f":{"0":9},"b":{"0":[4],"1":[9,7],"2":[5,0],"3":[1],"4":[1],"5":[2],"6":[7,7,6,6]}}
,"C:\\Users\\Egor\\Desktop\\2DTanks\\server\\src\\geometry\\CollisionDetector.ts": {"path":"C:\\Users\\Egor\\Desktop\\2DTanks\\server\\src\\geometry\\CollisionDetector.ts","statementMap":{"0":{"start":{"line":1,"column":0},"end":{"line":1,"column":44}},"1":{"start":{"line":2,"column":0},"end":{"line":2,"column":42}},"2":{"start":{"line":4,"column":0},"end":{"line":4,"column":56}},"3":{"start":{"line":20,"column":4},"end":{"line":20,"column":47}},"4":{"start":{"line":21,"column":4},"end":{"line":21,"column":38}},"5":{"start":{"line":22,"column":4},"end":{"line":22,"column":36}},"6":{"start":{"line":39,"column":8},"end":{"line":40,"column":83}},"7":{"start":{"line":44,"column":8},"end":{"line":51,"column":9}},"8":{"start":{"line":45,"column":32},"end":{"line":45,"column":79}},"9":{"start":{"line":46,"column":32},"end":{"line":46,"column":79}},"10":{"start":{"line":48,"column":12},"end":{"line":50,"column":13}},"11":{"start":{"line":49,"column":16},"end":{"line":49,"column":29}},"12":{"start":{"line":52,"column":8},"end":{"line":52,"column":20}},"13":{"start":{"line":56,"column":21},"end":{"line":56,"column":38}},"14":{"start":{"line":57,"column":26},"end":{"line":57,"column":51}},"15":{"start":{"line":59,"column":8},"end":{"line":60,"column":77}},"16":{"start":{"line":59,"column":21},"end":{"line":59,"column":22}},"17":{"start":{"line":60,"column":12},"end":{"line":60,"column":77}},"18":{"start":{"line":61,"column":8},"end":{"line":61,"column":77}},"19":{"start":{"line":63,"column":8},"end":{"line":63,"column":20}},"20":{"start":{"line":67,"column":22},"end":{"line":67,"column":57}},"21":{"start":{"line":68,"column":22},"end":{"line":68,"column":57}},"22":{"start":{"line":70,"column":59},"end":{"line":70,"column":86}},"23":{"start":{"line":72,"column":8},"end":{"line":75,"column":24}},"24":{"start":{"line":75,"column":12},"end":{"line":75,"column":24}},"25":{"start":{"line":77,"column":21},"end":{"line":77,"column":63}},"26":{"start":{"line":78,"column":19},"end":{"line":78,"column":40}},"27":{"start":{"line":79,"column":19},"end":{"line":79,"column":40}},"28":{"start":{"line":80,"column":25},"end":{"line":80,"column":53}},"29":{"start":{"line":81,"column":8},"end":{"line":82,"column":27}},"30":{"start":{"line":82,"column":12},"end":{"line":82,"column":27}},"31":{"start":{"line":84,"column":8},"end":{"line":89,"column":10}},"32":{"start":{"line":94,"column":8},"end":{"line":108,"column":9}},"33":{"start":{"line":95,"column":32},"end":{"line":95,"column":79}},"34":{"start":{"line":96,"column":32},"end":{"line":96,"column":79}},"35":{"start":{"line":98,"column":28},"end":{"line":98,"column":106}},"36":{"start":{"line":100,"column":12},"end":{"line":101,"column":29}},"37":{"start":{"line":101,"column":16},"end":{"line":101,"column":29}},"38":{"start":{"line":103,"column":12},"end":{"line":107,"column":13}},"39":{"start":{"line":104,"column":16},"end":{"line":104,"column":62}},"40":{"start":{"line":105,"column":16},"end":{"line":105,"column":65}},"41":{"start":{"line":106,"column":16},"end":{"line":106,"column":61}},"42":{"start":{"line":109,"column":8},"end":{"line":109,"column":20}},"43":{"start":{"line":115,"column":8},"end":{"line":122,"column":9}},"44":{"start":{"line":116,"column":12},"end":{"line":116,"column":60}},"45":{"start":{"line":117,"column":12},"end":{"line":117,"column":83}},"46":{"start":{"line":120,"column":12},"end":{"line":120,"column":60}},"47":{"start":{"line":121,"column":12},"end":{"line":121,"column":82}},"48":{"start":{"line":124,"column":8},"end":{"line":126,"column":42}},"49":{"start":{"line":130,"column":18},"end":{"line":130,"column":65}},"50":{"start":{"line":131,"column":18},"end":{"line":131,"column":21}},"51":{"start":{"line":132,"column":23},"end":{"line":132,"column":40}},"52":{"start":{"line":133,"column":23},"end":{"line":133,"column":40}},"53":{"start":{"line":135,"column":8},"end":{"line":150,"column":9}},"54":{"start":{"line":135,"column":21},"end":{"line":135,"column":22}},"55":{"start":{"line":136,"column":31},"end":{"line":136,"column":78}},"56":{"start":{"line":138,"column":12},"end":{"line":149,"column":79}},"57":{"start":{"line":139,"column":16},"end":{"line":139,"column":33}},"58":{"start":{"line":140,"column":16},"end":{"line":140,"column":45}},"59":{"start":{"line":142,"column":17},"end":{"line":149,"column":79}},"60":{"start":{"line":143,"column":16},"end":{"line":143,"column":33}},"61":{"start":{"line":144,"column":16},"end":{"line":144,"column":45}},"62":{"start":{"line":146,"column":17},"end":{"line":149,"column":79}},"63":{"start":{"line":147,"column":16},"end":{"line":147,"column":79}},"64":{"start":{"line":148,"column":17},"end":{"line":149,"column":79}},"65":{"start":{"line":149,"column":16},"end":{"line":149,"column":79}},"66":{"start":{"line":152,"column":8},"end":{"line":152,"column":48}},"67":{"start":{"line":156,"column":18},"end":{"line":156,"column":65}},"68":{"start":{"line":157,"column":18},"end":{"line":157,"column":21}},"69":{"start":{"line":159,"column":8},"end":{"line":165,"column":9}},"70":{"start":{"line":159,"column":21},"end":{"line":159,"column":22}},"71":{"start":{"line":160,"column":31},"end":{"line":160,"column":78}},"72":{"start":{"line":161,"column":12},"end":{"line":164,"column":33}},"73":{"start":{"line":162,"column":16},"end":{"line":162,"column":33}},"74":{"start":{"line":163,"column":17},"end":{"line":164,"column":33}},"75":{"start":{"line":164,"column":16},"end":{"line":164,"column":33}},"76":{"start":{"line":167,"column":8},"end":{"line":167,"column":28}},"77":{"start":{"line":25,"column":0},"end":{"line":25,"column":13}},"78":{"start":{"line":27,"column":28},"end":{"line":27,"column":48}}},"fnMap":{"0":{"name":"(anonymous_0)","decl":{"start":{"line":19,"column":0},"end":{"line":19,"column":6}},"loc":{"start":{"line":19,"column":0},"end":{"line":23,"column":1}}},"1":{"name":"(anonymous_1)","decl":{"start":{"line":26,"column":4},"end":{"line":26,"column":28}},"loc":{"start":{"line":26,"column":4},"end":{"line":26,"column":29}}},"2":{"name":"(anonymous_2)","decl":{"start":{"line":38,"column":11},"end":{"line":38,"column":17}},"loc":{"start":{"line":38,"column":100},"end":{"line":41,"column":5}}},"3":{"name":"(anonymous_3)","decl":{"start":{"line":43,"column":12},"end":{"line":43,"column":18}},"loc":{"start":{"line":43,"column":97},"end":{"line":53,"column":5}}},"4":{"name":"(anonymous_4)","decl":{"start":{"line":55,"column":11},"end":{"line":55,"column":17}},"loc":{"start":{"line":55,"column":43},"end":{"line":64,"column":5}}},"5":{"name":"(anonymous_5)","decl":{"start":{"line":66,"column":11},"end":{"line":66,"column":17}},"loc":{"start":{"line":66,"column":75},"end":{"line":90,"column":5}}},"6":{"name":"(anonymous_6)","decl":{"start":{"line":92,"column":12},"end":{"line":92,"column":18}},"loc":{"start":{"line":93,"column":88},"end":{"line":110,"column":5}}},"7":{"name":"(anonymous_7)","decl":{"start":{"line":112,"column":12},"end":{"line":112,"column":18}},"loc":{"start":{"line":112,"column":112},"end":{"line":127,"column":5}}},"8":{"name":"(anonymous_8)","decl":{"start":{"line":129,"column":12},"end":{"line":129,"column":18}},"loc":{"start":{"line":129,"column":98},"end":{"line":153,"column":5}}},"9":{"name":"(anonymous_9)","decl":{"start":{"line":155,"column":12},"end":{"line":155,"column":18}},"loc":{"start":{"line":155,"column":62},"end":{"line":168,"column":5}}}},"branchMap":{"0":{"loc":{"start":{"line":39,"column":15},"end":{"line":40,"column":82}},"type":"binary-expr","locations":[{"start":{"line":39,"column":15},"end":{"line":39,"column":85}},{"start":{"line":40,"column":12},"end":{"line":40,"column":82}}]},"1":{"loc":{"start":{"line":48,"column":12},"end":{"line":50,"column":13}},"type":"if","locations":[{"start":{"line":48,"column":12},"end":{"line":50,"column":13}}]},"2":{"loc":{"start":{"line":72,"column":8},"end":{"line":75,"column":24}},"type":"if","locations":[{"start":{"line":72,"column":8},"end":{"line":75,"column":24}}]},"3":{"loc":{"start":{"line":72,"column":12},"end":{"line":74,"column":112}},"type":"binary-expr","locations":[{"start":{"line":72,"column":12},"end":{"line":72,"column":111}},{"start":{"line":74,"column":12},"end":{"line":74,"column":112}}]},"4":{"loc":{"start":{"line":81,"column":8},"end":{"line":82,"column":27}},"type":"if","locations":[{"start":{"line":81,"column":8},"end":{"line":82,"column":27}}]},"5":{"loc":{"start":{"line":100,"column":12},"end":{"line":101,"column":29}},"type":"if","locations":[{"start":{"line":100,"column":12},"end":{"line":101,"column":29}}]},"6":{"loc":{"start":{"line":103,"column":12},"end":{"line":107,"column":13}},"type":"if","locations":[{"start":{"line":103,"column":12},"end":{"line":107,"column":13}}]},"7":{"loc":{"start":{"line":115,"column":8},"end":{"line":122,"column":9}},"type":"if","locations":[{"start":{"line":115,"column":8},"end":{"line":122,"column":9}},{"start":{"line":119,"column":13},"end":{"line":122,"column":9}}]},"8":{"loc":{"start":{"line":124,"column":15},"end":{"line":126,"column":41}},"type":"cond-expr","locations":[{"start":{"line":125,"column":14},"end":{"line":125,"column":41}},{"start":{"line":126,"column":14},"end":{"line":126,"column":41}}]},"9":{"loc":{"start":{"line":138,"column":12},"end":{"line":149,"column":79}},"type":"if","locations":[{"start":{"line":138,"column":12},"end":{"line":149,"column":79}},{"start":{"line":142,"column":17},"end":{"line":149,"column":79}}]},"10":{"loc":{"start":{"line":142,"column":17},"end":{"line":149,"column":79}},"type":"if","locations":[{"start":{"line":142,"column":17},"end":{"line":149,"column":79}},{"start":{"line":146,"column":17},"end":{"line":149,"column":79}}]},"11":{"loc":{"start":{"line":146,"column":17},"end":{"line":149,"column":79}},"type":"if","locations":[{"start":{"line":146,"column":17},"end":{"line":149,"column":79}},{"start":{"line":148,"column":17},"end":{"line":149,"column":79}}]},"12":{"loc":{"start":{"line":146,"column":21},"end":{"line":146,"column":83}},"type":"binary-expr","locations":[{"start":{"line":146,"column":21},"end":{"line":146,"column":38}},{"start":{"line":146,"column":42},"end":{"line":146,"column":83}}]},"13":{"loc":{"start":{"line":148,"column":17},"end":{"line":149,"column":79}},"type":"if","locations":[{"start":{"line":148,"column":17},"end":{"line":149,"column":79}}]},"14":{"loc":{"start":{"line":148,"column":21},"end":{"line":148,"column":83}},"type":"binary-expr","locations":[{"start":{"line":148,"column":21},"end":{"line":148,"column":38}},{"start":{"line":148,"column":42},"end":{"line":148,"column":83}}]},"15":{"loc":{"start":{"line":161,"column":12},"end":{"line":164,"column":33}},"type":"if","locations":[{"start":{"line":161,"column":12},"end":{"line":164,"column":33}},{"start":{"line":163,"column":17},"end":{"line":164,"column":33}}]},"16":{"loc":{"start":{"line":163,"column":17},"end":{"line":164,"column":33}},"type":"if","locations":[{"start":{"line":163,"column":17},"end":{"line":164,"column":33}}]}},"s":{"0":2,"1":2,"2":2,"3":4,"4":4,"5":4,"6":2,"7":3,"8":9,"9":9,"10":9,"11":1,"12":2,"13":13,"14":13,"15":13,"16":13,"17":39,"18":13,"19":13,"20":4,"21":4,"22":4,"23":4,"24":2,"25":2,"26":2,"27":2,"28":2,"29":2,"30":0,"31":2,"32":6,"33":18,"34":18,"35":18,"36":18,"37":2,"38":16,"39":4,"40":4,"41":4,"42":4,"43":2,"44":2,"45":2,"46":0,"47":0,"48":2,"49":2,"50":2,"51":2,"52":2,"53":2,"54":2,"55":6,"56":6,"57":2,"58":2,"59":4,"60":0,"61":0,"62":4,"63":0,"64":4,"65":0,"66":2,"67":56,"68":56,"69":56,"70":56,"71":168,"72":168,"73":26,"74":142,"75":30,"76":56,"77":2,"78":2},"f":{"0":4,"1":0,"2":2,"3":3,"4":13,"5":4,"6":6,"7":2,"8":2,"9":56},"b":{"0":[2,1],"1":[1],"2":[2],"3":[4,2],"4":[0],"5":[2],"6":[4],"7":[2,0],"8":[2,0],"9":[2,4],"10":[0,4],"11":[0,4],"12":[4,0],"13":[0],"14":[4,0],"15":[26,142],"16":[30]}}
,"C:\\Users\\Egor\\Desktop\\2DTanks\\server\\src\\geometry\\CollisionResolver.ts": {"path":"C:\\Users\\Egor\\Desktop\\2DTanks\\server\\src\\geometry\\CollisionResolver.ts","statementMap":{"0":{"start":{"line":2,"column":0},"end":{"line":2,"column":38}},"1":{"start":{"line":3,"column":0},"end":{"line":3,"column":42}},"2":{"start":{"line":4,"column":0},"end":{"line":4,"column":54}},"3":{"start":{"line":27,"column":32},"end":{"line":27,"column":102}},"4":{"start":{"line":28,"column":8},"end":{"line":29,"column":24}},"5":{"start":{"line":29,"column":12},"end":{"line":29,"column":24}},"6":{"start":{"line":31,"column":18},"end":{"line":31,"column":40}},"7":{"start":{"line":32,"column":24},"end":{"line":32,"column":54}},"8":{"start":{"line":34,"column":8},"end":{"line":34,"column":90}},"9":{"start":{"line":36,"column":19},"end":{"line":36,"column":78}},"10":{"start":{"line":37,"column":19},"end":{"line":37,"column":78}},"11":{"start":{"line":39,"column":25},"end":{"line":39,"column":59}},"12":{"start":{"line":40,"column":25},"end":{"line":40,"column":59}},"13":{"start":{"line":41,"column":22},"end":{"line":41,"column":70}},"14":{"start":{"line":42,"column":22},"end":{"line":42,"column":70}},"15":{"start":{"line":44,"column":20},"end":{"line":44,"column":66}},"16":{"start":{"line":45,"column":20},"end":{"line":45,"column":66}},"17":{"start":{"line":46,"column":21},"end":{"line":46,"column":51}},"18":{"start":{"line":48,"column":17},"end":{"line":48,"column":48}},"19":{"start":{"line":51,"column":8},"end":{"line":54,"column":9}},"20":{"start":{"line":52,"column":25},"end":{"line":52,"column":76}},"21":{"start":{"line":53,"column":12},"end":{"line":53,"column":36}},"22":{"start":{"line":56,"column":20},"end":{"line":56,"column":51}},"23":{"start":{"line":57,"column":20},"end":{"line":57,"column":51}},"24":{"start":{"line":58,"column":23},"end":{"line":58,"column":82}},"25":{"start":{"line":60,"column":18},"end":{"line":60,"column":95}},"26":{"start":{"line":62,"column":24},"end":{"line":62,"column":25}},"27":{"start":{"line":63,"column":8},"end":{"line":66,"column":9}},"28":{"start":{"line":64,"column":12},"end":{"line":64,"column":47}},"29":{"start":{"line":65,"column":12},"end":{"line":65,"column":124}},"30":{"start":{"line":68,"column":18},"end":{"line":68,"column":39}},"31":{"start":{"line":69,"column":20},"end":{"line":69,"column":51}},"32":{"start":{"line":70,"column":20},"end":{"line":70,"column":51}},"33":{"start":{"line":71,"column":23},"end":{"line":71,"column":82}},"34":{"start":{"line":73,"column":8},"end":{"line":84,"column":9}},"35":{"start":{"line":74,"column":25},"end":{"line":74,"column":71}},"36":{"start":{"line":75,"column":25},"end":{"line":75,"column":71}},"37":{"start":{"line":76,"column":26},"end":{"line":76,"column":58}},"38":{"start":{"line":77,"column":23},"end":{"line":77,"column":55}},"39":{"start":{"line":79,"column":21},"end":{"line":79,"column":33}},"40":{"start":{"line":80,"column":25},"end":{"line":80,"column":72}},"41":{"start":{"line":81,"column":12},"end":{"line":81,"column":53}},"42":{"start":{"line":82,"column":12},"end":{"line":83,"column":121}},"43":{"start":{"line":83,"column":16},"end":{"line":83,"column":121}},"44":{"start":{"line":86,"column":8},"end":{"line":86,"column":38}},"45":{"start":{"line":90,"column":8},"end":{"line":91,"column":21}},"46":{"start":{"line":91,"column":12},"end":{"line":91,"column":21}},"47":{"start":{"line":92,"column":8},"end":{"line":92,"column":21}},"48":{"start":{"line":96,"column":8},"end":{"line":97,"column":21}},"49":{"start":{"line":97,"column":12},"end":{"line":97,"column":21}},"50":{"start":{"line":98,"column":8},"end":{"line":98,"column":21}},"51":{"start":{"line":102,"column":18},"end":{"line":102,"column":37}},"52":{"start":{"line":103,"column":19},"end":{"line":103,"column":37}},"53":{"start":{"line":104,"column":19},"end":{"line":104,"column":37}},"54":{"start":{"line":105,"column":18},"end":{"line":105,"column":40}},"55":{"start":{"line":106,"column":8},"end":{"line":106,"column":82}},"56":{"start":{"line":113,"column":8},"end":{"line":114,"column":71}},"57":{"start":{"line":114,"column":12},"end":{"line":114,"column":71}},"58":{"start":{"line":115,"column":8},"end":{"line":116,"column":72}},"59":{"start":{"line":116,"column":12},"end":{"line":116,"column":72}},"60":{"start":{"line":117,"column":8},"end":{"line":118,"column":79}},"61":{"start":{"line":118,"column":12},"end":{"line":118,"column":79}},"62":{"start":{"line":119,"column":8},"end":{"line":120,"column":79}},"63":{"start":{"line":120,"column":12},"end":{"line":120,"column":79}},"64":{"start":{"line":124,"column":20},"end":{"line":124,"column":60}},"65":{"start":{"line":125,"column":8},"end":{"line":126,"column":19}},"66":{"start":{"line":126,"column":12},"end":{"line":126,"column":19}},"67":{"start":{"line":128,"column":21},"end":{"line":128,"column":41}},"68":{"start":{"line":129,"column":21},"end":{"line":129,"column":41}},"69":{"start":{"line":130,"column":23},"end":{"line":130,"column":34}},"70":{"start":{"line":131,"column":8},"end":{"line":132,"column":19}},"71":{"start":{"line":132,"column":12},"end":{"line":132,"column":19}},"72":{"start":{"line":134,"column":27},"end":{"line":134,"column":68}},"73":{"start":{"line":135,"column":20},"end":{"line":135,"column":43}},"74":{"start":{"line":136,"column":20},"end":{"line":136,"column":43}},"75":{"start":{"line":137,"column":20},"end":{"line":137,"column":44}},"76":{"start":{"line":138,"column":20},"end":{"line":138,"column":44}},"77":{"start":{"line":140,"column":8},"end":{"line":141,"column":41}},"78":{"start":{"line":141,"column":12},"end":{"line":141,"column":41}},"79":{"start":{"line":142,"column":8},"end":{"line":143,"column":41}},"80":{"start":{"line":143,"column":12},"end":{"line":143,"column":41}},"81":{"start":{"line":13,"column":0},"end":{"line":13,"column":13}},"82":{"start":{"line":16,"column":28},"end":{"line":16,"column":68}},"83":{"start":{"line":18,"column":28},"end":{"line":18,"column":67}},"84":{"start":{"line":19,"column":28},"end":{"line":19,"column":65}},"85":{"start":{"line":20,"column":28},"end":{"line":20,"column":56}},"86":{"start":{"line":21,"column":28},"end":{"line":21,"column":64}}},"fnMap":{"0":{"name":"(anonymous_0)","decl":{"start":{"line":14,"column":4},"end":{"line":14,"column":27}},"loc":{"start":{"line":14,"column":4},"end":{"line":14,"column":28}}},"1":{"name":"(anonymous_1)","decl":{"start":{"line":23,"column":11},"end":{"line":23,"column":17}},"loc":{"start":{"line":25,"column":32},"end":{"line":87,"column":5}}},"2":{"name":"(anonymous_2)","decl":{"start":{"line":89,"column":12},"end":{"line":89,"column":18}},"loc":{"start":{"line":89,"column":36},"end":{"line":93,"column":5}}},"3":{"name":"(anonymous_3)","decl":{"start":{"line":95,"column":12},"end":{"line":95,"column":18}},"loc":{"start":{"line":95,"column":39},"end":{"line":99,"column":5}}},"4":{"name":"(anonymous_4)","decl":{"start":{"line":101,"column":12},"end":{"line":101,"column":18}},"loc":{"start":{"line":101,"column":69},"end":{"line":107,"column":5}}},"5":{"name":"(anonymous_5)","decl":{"start":{"line":109,"column":12},"end":{"line":109,"column":18}},"loc":{"start":{"line":111,"column":72},"end":{"line":121,"column":5}}},"6":{"name":"(anonymous_6)","decl":{"start":{"line":123,"column":12},"end":{"line":123,"column":18}},"loc":{"start":{"line":123,"column":84},"end":{"line":144,"column":5}}}},"branchMap":{"0":{"loc":{"start":{"line":28,"column":8},"end":{"line":29,"column":24}},"type":"if","locations":[{"start":{"line":28,"column":8},"end":{"line":29,"column":24}}]},"1":{"loc":{"start":{"line":51,"column":8},"end":{"line":54,"column":9}},"type":"if","locations":[{"start":{"line":51,"column":8},"end":{"line":54,"column":9}}]},"2":{"loc":{"start":{"line":60,"column":18},"end":{"line":60,"column":95}},"type":"cond-expr","locations":[{"start":{"line":60,"column":35},"end":{"line":60,"column":63}},{"start":{"line":60,"column":66},"end":{"line":60,"column":95}}]},"3":{"loc":{"start":{"line":63,"column":8},"end":{"line":66,"column":9}},"type":"if","locations":[{"start":{"line":63,"column":8},"end":{"line":66,"column":9}}]},"4":{"loc":{"start":{"line":63,"column":12},"end":{"line":63,"column":40}},"type":"binary-expr","locations":[{"start":{"line":63,"column":12},"end":{"line":63,"column":22}},{"start":{"line":63,"column":26},"end":{"line":63,"column":40}}]},"5":{"loc":{"start":{"line":73,"column":8},"end":{"line":84,"column":9}},"type":"if","locations":[{"start":{"line":73,"column":8},"end":{"line":84,"column":9}}]},"6":{"loc":{"start":{"line":73,"column":12},"end":{"line":73,"column":57}},"type":"binary-expr","locations":[{"start":{"line":73,"column":12},"end":{"line":73,"column":39}},{"start":{"line":73,"column":43},"end":{"line":73,"column":57}}]},"7":{"loc":{"start":{"line":82,"column":12},"end":{"line":83,"column":121}},"type":"if","locations":[{"start":{"line":82,"column":12},"end":{"line":83,"column":121}}]},"8":{"loc":{"start":{"line":90,"column":8},"end":{"line":91,"column":21}},"type":"if","locations":[{"start":{"line":90,"column":8},"end":{"line":91,"column":21}}]},"9":{"loc":{"start":{"line":90,"column":12},"end":{"line":90,"column":34}},"type":"binary-expr","locations":[{"start":{"line":90,"column":12},"end":{"line":90,"column":24}},{"start":{"line":90,"column":28},"end":{"line":90,"column":34}}]},"10":{"loc":{"start":{"line":96,"column":8},"end":{"line":97,"column":21}},"type":"if","locations":[{"start":{"line":96,"column":8},"end":{"line":97,"column":21}}]},"11":{"loc":{"start":{"line":96,"column":12},"end":{"line":96,"column":34}},"type":"binary-expr","locations":[{"start":{"line":96,"column":12},"end":{"line":96,"column":24}},{"start":{"line":96,"column":28},"end":{"line":96,"column":34}}]},"12":{"loc":{"start":{"line":113,"column":8},"end":{"line":114,"column":71}},"type":"if","locations":[{"start":{"line":113,"column":8},"end":{"line":114,"column":71}}]},"13":{"loc":{"start":{"line":115,"column":8},"end":{"line":116,"column":72}},"type":"if","locations":[{"start":{"line":115,"column":8},"end":{"line":116,"column":72}}]},"14":{"loc":{"start":{"line":117,"column":8},"end":{"line":118,"column":79}},"type":"if","locations":[{"start":{"line":117,"column":8},"end":{"line":118,"column":79}}]},"15":{"loc":{"start":{"line":119,"column":8},"end":{"line":120,"column":79}},"type":"if","locations":[{"start":{"line":119,"column":8},"end":{"line":120,"column":79}}]},"16":{"loc":{"start":{"line":125,"column":8},"end":{"line":126,"column":19}},"type":"if","locations":[{"start":{"line":125,"column":8},"end":{"line":126,"column":19}}]},"17":{"loc":{"start":{"line":131,"column":8},"end":{"line":132,"column":19}},"type":"if","locations":[{"start":{"line":131,"column":8},"end":{"line":132,"column":19}}]}},"s":{"0":1,"1":1,"2":1,"3":2,"4":2,"5":1,"6":1,"7":1,"8":1,"9":1,"10":1,"11":1,"12":1,"13":1,"14":1,"15":1,"16":1,"17":1,"18":1,"19":1,"20":1,"21":1,"22":1,"23":1,"24":1,"25":1,"26":1,"27":1,"28":1,"29":1,"30":1,"31":1,"32":1,"33":1,"34":1,"35":1,"36":1,"37":1,"38":1,"39":1,"40":1,"41":1,"42":1,"43":1,"44":1,"45":4,"46":2,"47":2,"48":2,"49":1,"50":1,"51":4,"52":4,"53":4,"54":4,"55":4,"56":2,"57":2,"58":2,"59":0,"60":2,"61":2,"62":2,"63":0,"64":1,"65":1,"66":0,"67":1,"68":1,"69":1,"70":1,"71":0,"72":1,"73":1,"74":1,"75":1,"76":1,"77":1,"78":4,"79":1,"80":4,"81":1,"82":1,"83":1,"84":1,"85":1,"86":1},"f":{"0":0,"1":2,"2":4,"3":2,"4":4,"5":2,"6":1},"b":{"0":[1],"1":[1],"2":[1,0],"3":[1],"4":[1,1],"5":[1],"6":[1,1],"7":[1],"8":[2],"9":[4,2],"10":[1],"11":[2,1],"12":[2],"13":[0],"14":[2],"15":[0],"16":[0],"17":[0]}}
,"C:\\Users\\Egor\\Desktop\\2DTanks\\server\\src\\geometry\\Point.ts": {"path":"C:\\Users\\Egor\\Desktop\\2DTanks\\server\\src\\geometry\\Point.ts","statementMap":{"0":{"start":{"line":8,"column":8},"end":{"line":8,"column":20}},"1":{"start":{"line":9,"column":8},"end":{"line":9,"column":20}},"2":{"start":{"line":11,"column":29},"end":{"line":11,"column":44}},"3":{"start":{"line":12,"column":34},"end":{"line":12,"column":50}},"4":{"start":{"line":13,"column":29},"end":{"line":13,"column":44}},"5":{"start":{"line":14,"column":34},"end":{"line":14,"column":50}},"6":{"start":{"line":15,"column":29},"end":{"line":15,"column":64}},"7":{"start":{"line":22,"column":8},"end":{"line":22,"column":22}},"8":{"start":{"line":23,"column":8},"end":{"line":23,"column":22}},"9":{"start":{"line":4,"column":0},"end":{"line":4,"column":13}},"10":{"start":{"line":34,"column":34},"end":{"line":34,"column":86}},"11":{"start":{"line":39,"column":23},"end":{"line":39,"column":34}},"12":{"start":{"line":40,"column":8},"end":{"line":43,"column":9}},"13":{"start":{"line":41,"column":12},"end":{"line":41,"column":30}},"14":{"start":{"line":42,"column":12},"end":{"line":42,"column":30}},"15":{"start":{"line":45,"column":33},"end":{"line":45,"column":67}},"16":{"start":{"line":46,"column":29},"end":{"line":46,"column":63}},"17":{"start":{"line":52,"column":8},"end":{"line":52,"column":29}},"18":{"start":{"line":53,"column":8},"end":{"line":53,"column":29}},"19":{"start":{"line":60,"column":8},"end":{"line":60,"column":29}},"20":{"start":{"line":61,"column":8},"end":{"line":61,"column":29}},"21":{"start":{"line":68,"column":8},"end":{"line":68,"column":26}},"22":{"start":{"line":69,"column":8},"end":{"line":69,"column":26}},"23":{"start":{"line":30,"column":0},"end":{"line":30,"column":13}},"24":{"start":{"line":77,"column":48},"end":{"line":77,"column":60}},"25":{"start":{"line":85,"column":21},"end":{"line":85,"column":55}},"26":{"start":{"line":86,"column":8},"end":{"line":86,"column":25}},"27":{"start":{"line":87,"column":8},"end":{"line":87,"column":20}},"28":{"start":{"line":89,"column":27},"end":{"line":89,"column":61}},"29":{"start":{"line":76,"column":0},"end":{"line":76,"column":13}}},"fnMap":{"0":{"name":"(anonymous_0)","decl":{"start":{"line":7,"column":4},"end":{"line":7,"column":23}},"loc":{"start":{"line":7,"column":43},"end":{"line":10,"column":5}}},"1":{"name":"(anonymous_1)","decl":{"start":{"line":11,"column":4},"end":{"line":11,"column":15}},"loc":{"start":{"line":11,"column":16},"end":{"line":11,"column":45}}},"2":{"name":"(anonymous_2)","decl":{"start":{"line":12,"column":4},"end":{"line":12,"column":15}},"loc":{"start":{"line":12,"column":30},"end":{"line":12,"column":51}}},"3":{"name":"(anonymous_3)","decl":{"start":{"line":13,"column":4},"end":{"line":13,"column":15}},"loc":{"start":{"line":13,"column":16},"end":{"line":13,"column":45}}},"4":{"name":"(anonymous_4)","decl":{"start":{"line":14,"column":4},"end":{"line":14,"column":15}},"loc":{"start":{"line":14,"column":30},"end":{"line":14,"column":51}}},"5":{"name":"(anonymous_5)","decl":{"start":{"line":15,"column":11},"end":{"line":15,"column":16}},"loc":{"start":{"line":15,"column":16},"end":{"line":15,"column":65}}},"6":{"name":"(anonymous_6)","decl":{"start":{"line":21,"column":11},"end":{"line":21,"column":27}},"loc":{"start":{"line":21,"column":50},"end":{"line":24,"column":5}}},"7":{"name":"(anonymous_7)","decl":{"start":{"line":34,"column":4},"end":{"line":34,"column":15}},"loc":{"start":{"line":34,"column":21},"end":{"line":34,"column":87}}},"8":{"name":"(anonymous_8)","decl":{"start":{"line":38,"column":11},"end":{"line":38,"column":20}},"loc":{"start":{"line":38,"column":20},"end":{"line":44,"column":5}}},"9":{"name":"(anonymous_9)","decl":{"start":{"line":45,"column":4},"end":{"line":45,"column":15}},"loc":{"start":{"line":45,"column":20},"end":{"line":45,"column":68}}},"10":{"name":"(anonymous_10)","decl":{"start":{"line":46,"column":11},"end":{"line":46,"column":16}},"loc":{"start":{"line":46,"column":16},"end":{"line":46,"column":64}}},"11":{"name":"(anonymous_11)","decl":{"start":{"line":51,"column":11},"end":{"line":51,"column":20}},"loc":{"start":{"line":51,"column":35},"end":{"line":54,"column":5}}},"12":{"name":"(anonymous_12)","decl":{"start":{"line":59,"column":11},"end":{"line":59,"column":25}},"loc":{"start":{"line":59,"column":40},"end":{"line":62,"column":5}}},"13":{"name":"(anonymous_13)","decl":{"start":{"line":67,"column":11},"end":{"line":67,"column":16}},"loc":{"start":{"line":67,"column":31},"end":{"line":70,"column":5}}},"14":{"name":"(anonymous_14)","decl":{"start":{"line":77,"column":4},"end":{"line":77,"column":24}},"loc":{"start":{"line":77,"column":44},"end":{"line":77,"column":61}}},"15":{"name":"(anonymous_15)","decl":{"start":{"line":84,"column":11},"end":{"line":84,"column":17}},"loc":{"start":{"line":84,"column":45},"end":{"line":88,"column":5}}},"16":{"name":"(anonymous_16)","decl":{"start":{"line":89,"column":11},"end":{"line":89,"column":16}},"loc":{"start":{"line":89,"column":16},"end":{"line":89,"column":62}}}},"branchMap":{"0":{"loc":{"start":{"line":40,"column":8},"end":{"line":43,"column":9}},"type":"if","locations":[{"start":{"line":40,"column":8},"end":{"line":43,"column":9}}]}},"s":{"0":218,"1":218,"2":908,"3":22,"4":906,"5":22,"6":10,"7":13,"8":13,"9":8,"10":58,"11":55,"12":55,"13":54,"14":54,"15":2,"16":0,"17":8,"18":8,"19":1,"20":1,"21":1,"22":1,"23":8,"24":58,"25":52,"26":52,"27":52,"28":6,"29":8},"f":{"0":218,"1":908,"2":22,"3":906,"4":22,"5":10,"6":13,"7":58,"8":55,"9":2,"10":0,"11":8,"12":1,"13":1,"14":58,"15":52,"16":6},"b":{"0":[54]}}
,"C:\\Users\\Egor\\Desktop\\2DTanks\\server\\src\\geometry\\PointRotator.ts": {"path":"C:\\Users\\Egor\\Desktop\\2DTanks\\server\\src\\geometry\\PointRotator.ts","statementMap":{"0":{"start":{"line":16,"column":23},"end":{"line":16,"column":46}},"1":{"start":{"line":17,"column":23},"end":{"line":17,"column":46}},"2":{"start":{"line":18,"column":8},"end":{"line":18,"column":62}},"3":{"start":{"line":19,"column":8},"end":{"line":19,"column":62}},"4":{"start":{"line":28,"column":18},"end":{"line":28,"column":25}},"5":{"start":{"line":28,"column":31},"end":{"line":28,"column":38}},"6":{"start":{"line":29,"column":8},"end":{"line":29,"column":36}},"7":{"start":{"line":30,"column":8},"end":{"line":30,"column":36}},"8":{"start":{"line":6,"column":0},"end":{"line":6,"column":13}}},"fnMap":{"0":{"name":"(anonymous_0)","decl":{"start":{"line":7,"column":4},"end":{"line":7,"column":28}},"loc":{"start":{"line":7,"column":4},"end":{"line":7,"column":29}}},"1":{"name":"(anonymous_1)","decl":{"start":{"line":15,"column":11},"end":{"line":15,"column":17}},"loc":{"start":{"line":15,"column":100},"end":{"line":20,"column":5}}},"2":{"name":"(anonymous_2)","decl":{"start":{"line":27,"column":11},"end":{"line":27,"column":17}},"loc":{"start":{"line":27,"column":68},"end":{"line":31,"column":5}}}},"branchMap":{},"s":{"0":17,"1":17,"2":17,"3":17,"4":5,"5":5,"6":5,"7":5,"8":4},"f":{"0":0,"1":17,"2":5},"b":{}}
,"C:\\Users\\Egor\\Desktop\\2DTanks\\server\\src\\geometry\\VectorUtils.ts": {"path":"C:\\Users\\Egor\\Desktop\\2DTanks\\server\\src\\geometry\\VectorUtils.ts","statementMap":{"0":{"start":{"line":1,"column":0},"end":{"line":1,"column":38}},"1":{"start":{"line":7,"column":8},"end":{"line":7,"column":61}},"2":{"start":{"line":11,"column":8},"end":{"line":11,"column":61}},"3":{"start":{"line":15,"column":8},"end":{"line":15,"column":72}},"4":{"start":{"line":19,"column":8},"end":{"line":19,"column":102}},"5":{"start":{"line":23,"column":8},"end":{"line":23,"column":64}},"6":{"start":{"line":3,"column":0},"end":{"line":3,"column":13}}},"fnMap":{"0":{"name":"(anonymous_0)","decl":{"start":{"line":4,"column":4},"end":{"line":4,"column":28}},"loc":{"start":{"line":4,"column":4},"end":{"line":4,"column":29}}},"1":{"name":"(anonymous_1)","decl":{"start":{"line":6,"column":11},"end":{"line":6,"column":17}},"loc":{"start":{"line":6,"column":59},"end":{"line":8,"column":5}}},"2":{"name":"(anonymous_2)","decl":{"start":{"line":10,"column":11},"end":{"line":10,"column":17}},"loc":{"start":{"line":10,"column":61},"end":{"line":12,"column":5}}},"3":{"name":"(anonymous_3)","decl":{"start":{"line":14,"column":11},"end":{"line":14,"column":17}},"loc":{"start":{"line":14,"column":52},"end":{"line":16,"column":5}}},"4":{"name":"(anonymous_4)","decl":{"start":{"line":18,"column":11},"end":{"line":18,"column":17}},"loc":{"start":{"line":18,"column":72},"end":{"line":20,"column":5}}},"5":{"name":"(anonymous_5)","decl":{"start":{"line":22,"column":11},"end":{"line":22,"column":17}},"loc":{"start":{"line":22,"column":53},"end":{"line":24,"column":5}}}},"branchMap":{},"s":{"0":3,"1":238,"2":7,"3":1,"4":7,"5":3,"6":3},"f":{"0":0,"1":238,"2":7,"3":1,"4":7,"5":3},"b":{}}
,"C:\\Users\\Egor\\Desktop\\2DTanks\\server\\src\\geometry\\additionalFunc.ts": {"path":"C:\\Users\\Egor\\Desktop\\2DTanks\\server\\src\\geometry\\additionalFunc.ts","statementMap":{"0":{"start":{"line":9,"column":0},"end":{"line":9,"column":16}},"1":{"start":{"line":22,"column":0},"end":{"line":22,"column":16}},"2":{"start":{"line":36,"column":0},"end":{"line":36,"column":16}},"3":{"start":{"line":46,"column":0},"end":{"line":46,"column":16}},"4":{"start":{"line":54,"column":0},"end":{"line":54,"column":16}},"5":{"start":{"line":69,"column":0},"end":{"line":69,"column":16}},"6":{"start":{"line":1,"column":0},"end":{"line":1,"column":30}},"7":{"start":{"line":10,"column":15},"end":{"line":10,"column":34}},"8":{"start":{"line":11,"column":15},"end":{"line":11,"column":34}},"9":{"start":{"line":12,"column":4},"end":{"line":12,"column":40}},"10":{"start":{"line":23,"column":4},"end":{"line":24,"column":37}},"11":{"start":{"line":24,"column":8},"end":{"line":24,"column":37}},"12":{"start":{"line":25,"column":4},"end":{"line":26,"column":37}},"13":{"start":{"line":26,"column":8},"end":{"line":26,"column":37}},"14":{"start":{"line":28,"column":4},"end":{"line":28,"column":17}},"15":{"start":{"line":37,"column":4},"end":{"line":37,"column":62}},"16":{"start":{"line":47,"column":4},"end":{"line":47,"column":43}},"17":{"start":{"line":55,"column":12},"end":{"line":55,"column":31}},"18":{"start":{"line":56,"column":4},"end":{"line":57,"column":25}},"19":{"start":{"line":57,"column":8},"end":{"line":57,"column":25}},"20":{"start":{"line":58,"column":4},"end":{"line":59,"column":25}},"21":{"start":{"line":59,"column":8},"end":{"line":59,"column":25}},"22":{"start":{"line":60,"column":4},"end":{"line":60,"column":13}},"23":{"start":{"line":70,"column":4},"end":{"line":73,"column":6}}},"fnMap":{"0":{"name":"calcDistance","decl":{"start":{"line":9,"column":16},"end":{"line":9,"column":28}},"loc":{"start":{"line":9,"column":57},"end":{"line":13,"column":1}}},"1":{"name":"clampAngle","decl":{"start":{"line":22,"column":16},"end":{"line":22,"column":26}},"loc":{"start":{"line":22,"column":94},"end":{"line":29,"column":1}}},"2":{"name":"isAngleInQuadrant2or3","decl":{"start":{"line":36,"column":16},"end":{"line":36,"column":37}},"loc":{"start":{"line":36,"column":51},"end":{"line":38,"column":1}}},"3":{"name":"calcTurn","decl":{"start":{"line":46,"column":16},"end":{"line":46,"column":24}},"loc":{"start":{"line":46,"column":59},"end":{"line":48,"column":1}}},"4":{"name":"shortestAngleDelta","decl":{"start":{"line":54,"column":16},"end":{"line":54,"column":34}},"loc":{"start":{"line":54,"column":69},"end":{"line":61,"column":1}}},"5":{"name":"calcMidBetweenTwoPoint","decl":{"start":{"line":69,"column":16},"end":{"line":69,"column":38}},"loc":{"start":{"line":69,"column":67},"end":{"line":74,"column":1}}}},"branchMap":{"0":{"loc":{"start":{"line":22,"column":42},"end":{"line":22,"column":62}},"type":"default-arg","locations":[{"start":{"line":22,"column":61},"end":{"line":22,"column":62}}]},"1":{"loc":{"start":{"line":22,"column":64},"end":{"line":22,"column":94}},"type":"default-arg","locations":[{"start":{"line":22,"column":83},"end":{"line":22,"column":94}}]},"2":{"loc":{"start":{"line":37,"column":11},"end":{"line":37,"column":61}},"type":"binary-expr","locations":[{"start":{"line":37,"column":12},"end":{"line":37,"column":31}},{"start":{"line":37,"column":37},"end":{"line":37,"column":60}}]}},"s":{"0":5,"1":5,"2":5,"3":5,"4":5,"5":5,"6":5,"7":2,"8":2,"9":2,"10":3,"11":1,"12":3,"13":2,"14":3,"15":2,"16":1,"17":3,"18":3,"19":1,"20":3,"21":2,"22":3,"23":13},"f":{"0":2,"1":3,"2":2,"3":1,"4":3,"5":13},"b":{"0":[3],"1":[3],"2":[2,1]}}
,"C:\\Users\\Egor\\Desktop\\2DTanks\\server\\src\\polygon\\entity\\EntityManipulator.ts": {"path":"C:\\Users\\Egor\\Desktop\\2DTanks\\server\\src\\polygon\\entity\\EntityManipulator.ts","statementMap":{"0":{"start":{"line":1,"column":0},"end":{"line":1,"column":57}},"1":{"start":{"line":3,"column":0},"end":{"line":3,"column":73}},"2":{"start":{"line":9,"column":22},"end":{"line":9,"column":60}},"3":{"start":{"line":10,"column":19},"end":{"line":10,"column":44}},"4":{"start":{"line":11,"column":19},"end":{"line":11,"column":44}},"5":{"start":{"line":12,"column":8},"end":{"line":13,"column":43}},"6":{"start":{"line":13,"column":12},"end":{"line":13,"column":43}},"7":{"start":{"line":18,"column":22},"end":{"line":18,"column":60}},"8":{"start":{"line":19,"column":8},"end":{"line":19,"column":85}},"9":{"start":{"line":23,"column":20},"end":{"line":23,"column":40}},"10":{"start":{"line":24,"column":20},"end":{"line":24,"column":40}},"11":{"start":{"line":25,"column":23},"end":{"line":25,"column":42}},"12":{"start":{"line":27,"column":8},"end":{"line":28,"column":74}},"13":{"start":{"line":28,"column":12},"end":{"line":28,"column":74}},"14":{"start":{"line":29,"column":8},"end":{"line":29,"column":60}},"15":{"start":{"line":33,"column":20},"end":{"line":33,"column":40}},"16":{"start":{"line":34,"column":20},"end":{"line":34,"column":40}},"17":{"start":{"line":35,"column":23},"end":{"line":35,"column":42}},"18":{"start":{"line":37,"column":8},"end":{"line":38,"column":74}},"19":{"start":{"line":38,"column":12},"end":{"line":38,"column":74}},"20":{"start":{"line":5,"column":0},"end":{"line":5,"column":13}}},"fnMap":{"0":{"name":"(anonymous_0)","decl":{"start":{"line":6,"column":4},"end":{"line":6,"column":28}},"loc":{"start":{"line":6,"column":4},"end":{"line":6,"column":29}}},"1":{"name":"(anonymous_1)","decl":{"start":{"line":8,"column":11},"end":{"line":8,"column":17}},"loc":{"start":{"line":8,"column":61},"end":{"line":14,"column":5}}},"2":{"name":"(anonymous_2)","decl":{"start":{"line":17,"column":11},"end":{"line":17,"column":17}},"loc":{"start":{"line":17,"column":68},"end":{"line":20,"column":5}}},"3":{"name":"(anonymous_3)","decl":{"start":{"line":22,"column":11},"end":{"line":22,"column":17}},"loc":{"start":{"line":22,"column":66},"end":{"line":30,"column":5}}},"4":{"name":"(anonymous_4)","decl":{"start":{"line":32,"column":12},"end":{"line":32,"column":18}},"loc":{"start":{"line":32,"column":73},"end":{"line":39,"column":5}}}},"branchMap":{},"s":{"0":3,"1":3,"2":1,"3":1,"4":1,"5":1,"6":4,"7":1,"8":1,"9":3,"10":3,"11":3,"12":3,"13":12,"14":3,"15":1,"16":1,"17":1,"18":1,"19":4,"20":3},"f":{"0":0,"1":1,"2":1,"3":3,"4":1},"b":{}}
,"C:\\Users\\Egor\\Desktop\\2DTanks\\server\\src\\polygon\\entity\\IEntity.ts": {"path":"C:\\Users\\Egor\\Desktop\\2DTanks\\server\\src\\polygon\\entity\\IEntity.ts","statementMap":{"0":{"start":{"line":1,"column":0},"end":{"line":1,"column":51}},"1":{"start":{"line":2,"column":0},"end":{"line":2,"column":54}},"2":{"start":{"line":3,"column":0},"end":{"line":3,"column":69}},"3":{"start":{"line":17,"column":29},"end":{"line":17,"column":33}},"4":{"start":{"line":25,"column":12},"end":{"line":25,"column":41}},"5":{"start":{"line":26,"column":21},"end":{"line":26,"column":58}},"6":{"start":{"line":34,"column":29},"end":{"line":34,"column":60}},"7":{"start":{"line":35,"column":8},"end":{"line":35,"column":63}},"8":{"start":{"line":36,"column":8},"end":{"line":36,"column":85}},"9":{"start":{"line":37,"column":8},"end":{"line":37,"column":26}},"10":{"start":{"line":38,"column":8},"end":{"line":38,"column":22}},"11":{"start":{"line":39,"column":8},"end":{"line":39,"column":28}},"12":{"start":{"line":40,"column":8},"end":{"line":40,"column":30}},"13":{"start":{"line":41,"column":8},"end":{"line":41,"column":56}},"14":{"start":{"line":45,"column":8},"end":{"line":48,"column":50}},"15":{"start":{"line":49,"column":8},"end":{"line":50,"column":56}},"16":{"start":{"line":50,"column":12},"end":{"line":50,"column":56}},"17":{"start":{"line":53,"column":36},"end":{"line":53,"column":58}},"18":{"start":{"line":54,"column":33},"end":{"line":54,"column":129}},"19":{"start":{"line":55,"column":35},"end":{"line":55,"column":55}},"20":{"start":{"line":56,"column":32},"end":{"line":56,"column":50}},"21":{"start":{"line":57,"column":43},"end":{"line":57,"column":72}},"22":{"start":{"line":58,"column":48},"end":{"line":58,"column":78}},"23":{"start":{"line":59,"column":30},"end":{"line":59,"column":46}},"24":{"start":{"line":60,"column":40},"end":{"line":60,"column":66}},"25":{"start":{"line":61,"column":43},"end":{"line":61,"column":72}},"26":{"start":{"line":62,"column":33},"end":{"line":62,"column":97}},"27":{"start":{"line":64,"column":27},"end":{"line":64,"column":60}},"28":{"start":{"line":65,"column":8},"end":{"line":65,"column":108}},"29":{"start":{"line":68,"column":27},"end":{"line":68,"column":60}},"30":{"start":{"line":69,"column":8},"end":{"line":69,"column":108}},"31":{"start":{"line":19,"column":0},"end":{"line":19,"column":13}},"32":{"start":{"line":20,"column":28},"end":{"line":20,"column":43}}},"fnMap":{"0":{"name":"(anonymous_0)","decl":{"start":{"line":33,"column":4},"end":{"line":33,"column":23}},"loc":{"start":{"line":33,"column":107},"end":{"line":42,"column":5}}},"1":{"name":"(anonymous_1)","decl":{"start":{"line":44,"column":11},"end":{"line":44,"column":24}},"loc":{"start":{"line":44,"column":83},"end":{"line":51,"column":5}}},"2":{"name":"(anonymous_2)","decl":{"start":{"line":53,"column":4},"end":{"line":53,"column":15}},"loc":{"start":{"line":53,"column":23},"end":{"line":53,"column":59}}},"3":{"name":"(anonymous_3)","decl":{"start":{"line":54,"column":4},"end":{"line":54,"column":15}},"loc":{"start":{"line":54,"column":20},"end":{"line":54,"column":130}}},"4":{"name":"(anonymous_4)","decl":{"start":{"line":55,"column":4},"end":{"line":55,"column":15}},"loc":{"start":{"line":55,"column":21},"end":{"line":55,"column":56}}},"5":{"name":"(anonymous_5)","decl":{"start":{"line":56,"column":4},"end":{"line":56,"column":15}},"loc":{"start":{"line":56,"column":19},"end":{"line":56,"column":51}}},"6":{"name":"(anonymous_6)","decl":{"start":{"line":57,"column":4},"end":{"line":57,"column":15}},"loc":{"start":{"line":57,"column":30},"end":{"line":57,"column":73}}},"7":{"name":"(anonymous_7)","decl":{"start":{"line":58,"column":4},"end":{"line":58,"column":15}},"loc":{"start":{"line":58,"column":44},"end":{"line":58,"column":79}}},"8":{"name":"(anonymous_8)","decl":{"start":{"line":59,"column":4},"end":{"line":59,"column":15}},"loc":{"start":{"line":59,"column":17},"end":{"line":59,"column":47}}},"9":{"name":"(anonymous_9)","decl":{"start":{"line":60,"column":4},"end":{"line":60,"column":15}},"loc":{"start":{"line":60,"column":27},"end":{"line":60,"column":67}}},"10":{"name":"(anonymous_10)","decl":{"start":{"line":61,"column":4},"end":{"line":61,"column":15}},"loc":{"start":{"line":61,"column":30},"end":{"line":61,"column":73}}},"11":{"name":"(anonymous_11)","decl":{"start":{"line":62,"column":11},"end":{"line":62,"column":21}},"loc":{"start":{"line":62,"column":21},"end":{"line":62,"column":98}}},"12":{"name":"(anonymous_12)","decl":{"start":{"line":63,"column":4},"end":{"line":63,"column":15}},"loc":{"start":{"line":63,"column":29},"end":{"line":66,"column":5}}},"13":{"name":"(anonymous_13)","decl":{"start":{"line":67,"column":4},"end":{"line":67,"column":15}},"loc":{"start":{"line":67,"column":29},"end":{"line":70,"column":5}}}},"branchMap":{"0":{"loc":{"start":{"line":49,"column":8},"end":{"line":50,"column":56}},"type":"if","locations":[{"start":{"line":49,"column":8},"end":{"line":50,"column":56}}]}},"s":{"0":3,"1":3,"2":3,"3":3,"4":10,"5":10,"6":10,"7":10,"8":10,"9":10,"10":10,"11":10,"12":10,"13":10,"14":10,"15":10,"16":2,"17":29,"18":4,"19":220,"20":5,"21":7,"22":3,"23":1,"24":1,"25":3,"26":12,"27":1,"28":1,"29":1,"30":1,"31":3,"32":3},"f":{"0":10,"1":10,"2":29,"3":4,"4":220,"5":5,"6":7,"7":3,"8":1,"9":1,"10":3,"11":12,"12":1,"13":1},"b":{"0":[2]}}
,"C:\\Users\\Egor\\Desktop\\2DTanks\\server\\src\\repos\\friendshipsRepo.ts": {"path":"C:\\Users\\Egor\\Desktop\\2DTanks\\server\\src\\repos\\friendshipsRepo.ts","statementMap":{"0":{"start":{"line":70,"column":0},"end":{"line":70,"column":7}},"1":{"start":{"line":130,"column":0},"end":{"line":130,"column":7}},"2":{"start":{"line":148,"column":0},"end":{"line":148,"column":7}},"3":{"start":{"line":163,"column":0},"end":{"line":163,"column":7}},"4":{"start":{"line":174,"column":0},"end":{"line":174,"column":7}},"5":{"start":{"line":200,"column":0},"end":{"line":200,"column":7}},"6":{"start":{"line":211,"column":0},"end":{"line":211,"column":7}},"7":{"start":{"line":230,"column":0},"end":{"line":230,"column":7}},"8":{"start":{"line":249,"column":0},"end":{"line":249,"column":7}},"9":{"start":{"line":268,"column":0},"end":{"line":268,"column":7}},"10":{"start":{"line":286,"column":0},"end":{"line":286,"column":7}},"11":{"start":{"line":301,"column":0},"end":{"line":301,"column":7}},"12":{"start":{"line":312,"column":0},"end":{"line":312,"column":7}},"13":{"start":{"line":44,"column":4},"end":{"line":56,"column":7}},"14":{"start":{"line":57,"column":4},"end":{"line":57,"column":97}},"15":{"start":{"line":58,"column":4},"end":{"line":58,"column":97}},"16":{"start":{"line":62,"column":4},"end":{"line":62,"column":55}},"17":{"start":{"line":75,"column":4},"end":{"line":75,"column":51}},"18":{"start":{"line":75,"column":37},"end":{"line":75,"column":51}},"19":{"start":{"line":76,"column":4},"end":{"line":76,"column":29}},"20":{"start":{"line":78,"column":14},"end":{"line":78,"column":95}},"21":{"start":{"line":79,"column":4},"end":{"line":79,"column":50}},"22":{"start":{"line":79,"column":26},"end":{"line":79,"column":50}},"23":{"start":{"line":81,"column":23},"end":{"line":81,"column":53}},"24":{"start":{"line":82,"column":21},"end":{"line":85,"column":null}},"25":{"start":{"line":87,"column":4},"end":{"line":98,"column":5}},"26":{"start":{"line":88,"column":8},"end":{"line":88,"column":64}},"27":{"start":{"line":88,"column":39},"end":{"line":88,"column":64}},"28":{"start":{"line":89,"column":8},"end":{"line":89,"column":55}},"29":{"start":{"line":89,"column":38},"end":{"line":89,"column":55}},"30":{"start":{"line":90,"column":8},"end":{"line":97,"column":9}},"31":{"start":{"line":91,"column":12},"end":{"line":95,"column":13}},"32":{"start":{"line":93,"column":16},"end":{"line":93,"column":82}},"33":{"start":{"line":94,"column":16},"end":{"line":94,"column":28}},"34":{"start":{"line":96,"column":12},"end":{"line":96,"column":37}},"35":{"start":{"line":100,"column":4},"end":{"line":105,"column":6}},"36":{"start":{"line":106,"column":4},"end":{"line":106,"column":16}},"37":{"start":{"line":110,"column":23},"end":{"line":110,"column":41}},"38":{"start":{"line":111,"column":4},"end":{"line":11
[...]
ype":"binary-expr","locations":[{"start":{"line":24,"column":24},"end":{"line":24,"column":39}},{"start":{"line":24,"column":43},"end":{"line":24,"column":45}}]},"3":{"loc":{"start":{"line":27,"column":8},"end":{"line":30,"column":9}},"type":"if","locations":[{"start":{"line":27,"column":8},"end":{"line":30,"column":9}}]},"4":{"loc":{"start":{"line":32,"column":8},"end":{"line":35,"column":9}},"type":"if","locations":[{"start":{"line":32,"column":8},"end":{"line":35,"column":9}}]},"5":{"loc":{"start":{"line":39,"column":8},"end":{"line":52,"column":9}},"type":"if","locations":[{"start":{"line":39,"column":8},"end":{"line":52,"column":9}},{"start":{"line":46,"column":15},"end":{"line":52,"column":9}}]},"6":{"loc":{"start":{"line":40,"column":33},"end":{"line":40,"column":108}},"type":"binary-expr","locations":[{"start":{"line":40,"column":33},"end":{"line":40,"column":94}},{"start":{"line":40,"column":98},"end":{"line":40,"column":108}}]},"7":{"loc":{"start":{"line":41,"column":33},"end":{"line":41,"column":108}},"type":"binary-expr","locations":[{"start":{"line":41,"column":33},"end":{"line":41,"column":94}},{"start":{"line":41,"column":98},"end":{"line":41,"column":108}}]},"8":{"loc":{"start":{"line":50,"column":35},"end":{"line":50,"column":78}},"type":"cond-expr","locations":[{"start":{"line":50,"column":57},"end":{"line":50,"column":59}},{"start":{"line":50,"column":62},"end":{"line":50,"column":78}}]},"9":{"loc":{"start":{"line":50,"column":35},"end":{"line":50,"column":54}},"type":"binary-expr","locations":[{"start":{"line":50,"column":35},"end":{"line":50,"column":37}},{"start":{"line":50,"column":41},"end":{"line":50,"column":54}}]},"10":{"loc":{"start":{"line":68,"column":20},"end":{"line":68,"column":43}},"type":"binary-expr","locations":[{"start":{"line":68,"column":20},"end":{"line":68,"column":37}},{"start":{"line":68,"column":41},"end":{"line":68,"column":43}}]},"11":{"loc":{"start":{"line":82,"column":4},"end":{"line":82,"column":26}},"type":"if","locations":[{"start":{"line":82,"column":4},"end":{"line":82,"column":26}}]},"12":{"loc":{"start":{"line":84,"column":44},"end":{"line":84,"column":96}},"type":"binary-expr","locations":[{"start":{"line":84,"column":44},"end":{"line":84,"column":90}},{"start":{"line":84,"column":94},"end":{"line":84,"column":96}}]},"13":{"loc":{"start":{"line":84,"column":60},"end":{"line":84,"column":84}},"type":"binary-expr","locations":[{"start":{"line":84,"column":60},"end":{"line":84,"column":76}},{"start":{"line":84,"column":80},"end":{"line":84,"column":84}}]},"14":{"loc":{"start":{"line":85,"column":31},"end":{"line":85,"column":82}},"type":"binary-expr","locations":[{"start":{"line":85,"column":31},"end":{"line":85,"column":77}},{"start":{"line":85,"column":81},"end":{"line":85,"column":82}}]},"15":{"loc":{"start":{"line":85,"column":47},"end":{"line":85,"column":71}},"type":"binary-expr","locations":[{"start":{"line":85,"column":47},"end":{"line":85,"column":64}},{"start":{"line":85,"column":68},"end":{"line":85,"column":71}}]},"16":{"loc":{"start":{"line":86,"column":17},"end":{"line":86,"column":58}},"type":"cond-expr","locations":[{"start":{"line":86,"column":45},"end":{"line":86,"column":50}},{"start":{"line":86,"column":53},"end":{"line":86,"column":58}}]},"17":{"loc":{"start":{"line":102,"column":34},"end":{"line":102,"column":51}},"type":"binary-expr","locations":[{"start":{"line":102,"column":34},"end":{"line":102,"column":46}},{"start":{"line":102,"column":50},"end":{"line":102,"column":51}}]}},"s":{"0":2,"1":2,"2":2,"3":2,"4":2,"5":0,"6":0,"7":0,"8":0,"9":2,"10":0,"11":0,"12":0,"13":0,"14":0,"15":0,"16":0,"17":0,"18":0,"19":0,"20":0,"21":0,"22":0,"23":0,"24":0,"25":0,"26":0,"27":0,"28":0,"29":0,"30":0,"31":0,"32":0,"33":0,"34":0,"35":0,"36":0,"37":0,"38":0,"39":0,"40":2,"41":0,"42":0,"43":0,"44":0,"45":0,"46":0,"47":0,"48":0,"49":0,"50":0,"51":0,"52":0,"53":2},"f":{"0":0,"1":0,"2":0,"3":0,"4":0,"5":0},"b":{"0":[0],"1":[0],"2":[0,0],"3":[0],"4":[0],"5":[0,0],"6":[0,0],"7":[0,0],"8":[0,0],"9":[0,0],"10":[0,0],"11":[0],"12":[0,0],"13":[0,0],"14":[0,0],"15":[0,0],"16":[0,0],"17":[0,0]}}
,"C:\\Users\\Egor\\Desktop\\2DTanks\\server\\src\\utils\\IDTracker.ts": {"path":"C:\\Users\\Egor\\Desktop\\2DTanks\\server\\src\\utils\\IDTracker.ts","statementMap":{"0":{"start":{"line":17,"column":8},"end":{"line":17,"column":48}},"1":{"start":{"line":26,"column":8},"end":{"line":26,"column":75}},"2":{"start":{"line":35,"column":8},"end":{"line":35,"column":75}},"3":{"start":{"line":44,"column":8},"end":{"line":44,"column":77}},"4":{"start":{"line":49,"column":8},"end":{"line":50,"column":54}},"5":{"start":{"line":50,"column":12},"end":{"line":50,"column":54}},"6":{"start":{"line":59,"column":8},"end":{"line":59,"column":64}},"7":{"start":{"line":60,"column":8},"end":{"line":60,"column":97}},"8":{"start":{"line":69,"column":8},"end":{"line":69,"column":64}},"9":{"start":{"line":70,"column":8},"end":{"line":70,"column":97}},"10":{"start":{"line":79,"column":8},"end":{"line":79,"column":66}},"11":{"start":{"line":80,"column":8},"end":{"line":80,"column":101}},"12":{"start":{"line":89,"column":8},"end":{"line":89,"column":76}},"13":{"start":{"line":90,"column":8},"end":{"line":90,"column":121}},"14":{"start":{"line":99,"column":8},"end":{"line":99,"column":77}},"15":{"start":{"line":100,"column":8},"end":{"line":100,"column":123}},"16":{"start":{"line":109,"column":8},"end":{"line":109,"column":65}},"17":{"start":{"line":110,"column":8},"end":{"line":110,"column":99}},"18":{"start":{"line":115,"column":22},"end":{"line":115,"column":23}},"19":{"start":{"line":116,"column":22},"end":{"line":116,"column":23}},"20":{"start":{"line":117,"column":24},"end":{"line":117,"column":25}},"21":{"start":{"line":118,"column":29},"end":{"line":118,"column":30}},"22":{"start":{"line":119,"column":8},"end":{"line":134,"column":9}},"23":{"start":{"line":120,"column":12},"end":{"line":122,"column":13}},"24":{"start":{"line":121,"column":16},"end":{"line":121,"column":25}},"25":{"start":{"line":123,"column":22},"end":{"line":123,"column":66}},"26":{"start":{"line":124,"column":22},"end":{"line":124,"column":54}},"27":{"start":{"line":125,"column":12},"end":{"line":133,"column":13}},"28":{"start":{"line":126,"column":16},"end":{"line":126,"column":47}},"29":{"start":{"line":127,"column":19},"end":{"line":133,"column":13}},"30":{"start":{"line":128,"column":16},"end":{"line":128,"column":47}},"31":{"start":{"line":129,"column":19},"end":{"line":133,"column":13}},"32":{"start":{"line":130,"column":16},"end":{"line":130,"column":51}},"33":{"start":{"line":131,"column":19},"end":{"line":133,"column":13}},"34":{"start":{"line":132,"column":16},"end":{"line":132,"column":61}},"35":{"start":{"line":135,"column":8},"end":{"line":135,"column":41}},"36":{"start":{"line":136,"column":8},"end":{"line":136,"column":41}},"37":{"start":{"line":137,"column":8},"end":{"line":137,"column":45}},"38":{"start":{"line":138,"column":8},"end":{"line":138,"column":60}},"39":{"start":{"line":5,"column":0},"end":{"line":5,"column":13}},"40":{"start":{"line":8,"column":28},"end":{"line":8,"column":50}},"41":{"start":{"line":9,"column":28},"end":{"line":9,"column":50}},"42":{"start":{"line":10,"column":28},"end":{"line":10,"column":52}},"43":{"start":{"line":11,"column":28},"end":{"line":11,"column":62}},"44":{"start":{"line":12,"column":28},"end":{"line":12,"column":63}},"45":{"start":{"line":13,"column":28},"end":{"line":13,"column":51}},"46":{"start":{"line":15,"column":28},"end":{"line":15,"column":56}},"47":{"start":{"line":47,"column":28},"end":{"line":47,"column":110}},"48":{"start":{"line":57,"column":19},"end":{"line":57,"column":39}},"49":{"start":{"line":67,"column":19},"end":{"line":67,"column":39}},"50":{"start":{"line":77,"column":19},"end":{"line":77,"column":41}},"51":{"start":{"line":87,"column":19},"end":{"line":87,"column":51}},"52":{"start":{"line":97,"column":19},"end":{"line":97,"column":52}},"53":{"start":{"line":107,"column":19},"end":{"line":107,"column":40}}},"fnMap":{"0":{"name":"(anonymous_0)","decl":{"start":{"line":6,"column":4},"end":{"line":6,"column":28}},"loc":{"start":{"line":6,"column":4},"end":{"line":6,"column":29}}},"1":{"name":"(anonymous_1)","decl":{"start":{"line":16,"column":12},"end":{"line":16,"column":18}},"loc":{"start":{"line":16,"column":41},"end":{"line":18,"column":5}}},"2":{"name":"(anonymous_2)","decl":{"start":{"line":25,"column":11},"end":{"line":25,"column":17}},"loc":{"start":{"line":25,"column":35},"end":{"line":27,"column":5}}},"3":{"name":"(anonymous_3)","decl":{"start":{"line":34,"column":11},"end":{"line":34,"column":17}},"loc":{"start":{"line":34,"column":35},"end":{"line":36,"column":5}}},"4":{"name":"(anonymous_4)","decl":{"start":{"line":43,"column":11},"end":{"line":43,"column":17}},"loc":{"start":{"line":43,"column":37},"end":{"line":45,"column":5}}},"5":{"name":"(anonymous_5)","decl":{"start":{"line":48,"column":12},"end":{"line":48,"column":18}},"loc":{"start":{"line":48,"column":46},"end":{"line":51,"column":5}}},"6":{"name":"(anonymous_6)","decl":{"start":{"line":58,"column":11},"end":{"line":58,"column":17}},"loc":{"start":{"line":58,"column":28},"end":{"line":61,"column":5}}},"7":{"name":"(anonymous_7)","decl":{"start":{"line":68,"column":11},"end":{"line":68,"column":17}},"loc":{"start":{"line":68,"column":28},"end":{"line":71,"column":5}}},"8":{"name":"(anonymous_8)","decl":{"start":{"line":78,"column":11},"end":{"line":78,"column":17}},"loc":{"start":{"line":78,"column":30},"end":{"line":81,"column":5}}},"9":{"name":"(anonymous_9)","decl":{"start":{"line":88,"column":11},"end":{"line":88,"column":17}},"loc":{"start":{"line":88,"column":39},"end":{"line":91,"column":5}}},"10":{"name":"(anonymous_10)","decl":{"start":{"line":98,"column":11},"end":{"line":98,"column":17}},"loc":{"start":{"line":98,"column":40},"end":{"line":101,"column":5}}},"11":{"name":"(anonymous_11)","decl":{"start":{"line":108,"column":11},"end":{"line":108,"column":17}},"loc":{"start":{"line":108,"column":29},"end":{"line":111,"column":5}}},"12":{"name":"(anonymous_12)","decl":{"start":{"line":114,"column":11},"end":{"line":114,"column":17}},"loc":{"start":{"line":114,"column":62},"end":{"line":139,"column":5}}}},"branchMap":{"0":{"loc":{"start":{"line":49,"column":8},"end":{"line":50,"column":54}},"type":"if","locations":[{"start":{"line":49,"column":8},"end":{"line":50,"column":54}}]},"1":{"loc":{"start":{"line":120,"column":12},"end":{"line":122,"column":13}},"type":"if","locations":[{"start":{"line":120,"column":12},"end":{"line":122,"column":13}}]},"2":{"loc":{"start":{"line":125,"column":12},"end":{"line":133,"column":13}},"type":"if","locations":[{"start":{"line":125,"column":12},"end":{"line":133,"column":13}},{"start":{"line":127,"column":19},"end":{"line":133,"column":13}}]},"3":{"loc":{"start":{"line":127,"column":19},"end":{"line":133,"column":13}},"type":"if","locations":[{"start":{"line":127,"column":19},"end":{"line":133,"column":13}},{"start":{"line":129,"column":19},"end":{"line":133,"column":13}}]},"4":{"loc":{"start":{"line":129,"column":19},"end":{"line":133,"column":13}},"type":"if","locations":[{"start":{"line":129,"column":19},"end":{"line":133,"column":13}},{"start":{"line":131,"column":19},"end":{"line":133,"column":13}}]},"5":{"loc":{"start":{"line":131,"column":19},"end":{"line":133,"column":13}},"type":"if","locations":[{"start":{"line":131,"column":19},"end":{"line":133,"column":13}}]}},"s":{"0":9,"1":7,"2":1,"3":1,"4":5,"5":0,"6":5,"7":5,"8":0,"9":0,"10":0,"11":0,"12":0,"13":0,"14":0,"15":0,"16":0,"17":0,"18":1,"19":1,"20":1,"21":1,"22":1,"23":2,"24":0,"25":2,"26":2,"27":2,"28":0,"29":2,"30":2,"31":0,"32":0,"33":0,"34":0,"35":1,"36":1,"37":1,"38":1,"39":1,"40":1,"41":1,"42":1,"43":1,"44":1,"45":1,"46":1,"47":1,"48":1,"49":1,"50":1,"51":1,"52":1,"53":1},"f":{"0":0,"1":9,"2":7,"3":1,"4":1,"5":5,"6":5,"7":0,"8":0,"9":0,"10":0,"11":0,"12":1},"b":{"0":[0],"1":[0],"2":[0,2],"3":[2,0],"4":[0,0],"5":[0]}}
,"C:\\Users\\Egor\\Desktop\\2DTanks\\server\\src\\utils\\roomCodeGenerator.ts": {"path":"C:\\Users\\Egor\\Desktop\\2DTanks\\server\\src\\utils\\roomCodeGenerator.ts","statementMap":{"0":{"start":{"line":6,"column":19},"end":{"line":6,"column":21}},"1":{"start":{"line":7,"column":8},"end":{"line":11,"column":9}},"2":{"start":{"line":7,"column":21},"end":{"line":7,"column":22}},"3":{"start":{"line":8,"column":12},"end":{"line":10,"column":14}},"4":{"start":{"line":12,"column":8},"end":{"line":12,"column":20}},"5":{"start":{"line":1,"column":0},"end":{"line":1,"column":13}},"6":{"start":{"line":2,"column":28},"end":{"line":2,"column":75}},"7":{"start":{"line":3,"column":28},"end":{"line":3,"column":44}}},"fnMap":{"0":{"name":"(anonymous_0)","decl":{"start":{"line":5,"column":11},"end":{"line":5,"column":17}},"loc":{"start":{"line":5,"column":26},"end":{"line":13,"column":5}}}},"branchMap":{},"s":{"0":2,"1":2,"2":2,"3":12,"4":2,"5":1,"6":1,"7":1},"f":{"0":2},"b":{}}
,"C:\\Users\\Egor\\Desktop\\2DTanks\\server\\src\\utils\\seededRandom.ts": {"path":"C:\\Users\\Egor\\Desktop\\2DTanks\\server\\src\\utils\\seededRandom.ts","statementMap":{"0":{"start":{"line":5,"column":27},"end":{"line":5,"column":37}},"1":{"start":{"line":6,"column":8},"end":{"line":6,"column":64}},"2":{"start":{"line":11,"column":8},"end":{"line":11,"column":53}},"3":{"start":{"line":12,"column":16},"end":{"line":12,"column":26}},"4":{"start":{"line":13,"column":8},"end":{"line":13,"column":45}},"5":{"start":{"line":14,"column":8},"end":{"line":14,"column":50}},"6":{"start":{"line":15,"column":8},"end":{"line":15,"column":53}},"7":{"start":{"line":20,"column":19},"end":{"line":20,"column":37}},"8":{"start":{"line":21,"column":19},"end":{"line":21,"column":37}},"9":{"start":{"line":22,"column":8},"end":{"line":22,"column":65}},"10":{"start":{"line":1,"column":0},"end":{"line":1,"column":13}}},"fnMap":{"0":{"name":"(anonymous_0)","decl":{"start":{"line":4,"column":4},"end":{"line":4,"column":23}},"loc":{"start":{"line":4,"column":35},"end":{"line":7,"column":5}}},"1":{"name":"(anonymous_1)","decl":{"start":{"line":10,"column":11},"end":{"line":10,"column":20}},"loc":{"start":{"line":10,"column":20},"end":{"line":16,"column":5}}},"2":{"name":"(anonymous_2)","decl":{"start":{"line":19,"column":11},"end":{"line":19,"column":18}},"loc":{"start":{"line":19,"column":43},"end":{"line":23,"column":5}}}},"branchMap":{"0":{"loc":{"start":{"line":6,"column":21},"end":{"line":6,"column":63}},"type":"cond-expr","locations":[{"start":{"line":6,"column":40},"end":{"line":6,"column":50}},{"start":{"line":6,"column":53},"end":{"line":6,"column":63}}]}},"s":{"0":6,"1":6,"2":86,"3":86,"4":86,"5":86,"6":86,"7":30,"8":30,"9":30,"10":1},"f":{"0":6,"1":86,"2":30},"b":{"0":[0,6]}}
,"C:\\Users\\Egor\\Desktop\\2DTanks\\server\\src\\ws\\parseWsUser.ts": {"path":"C:\\Users\\Egor\\Desktop\\2DTanks\\server\\src\\ws\\parseWsUser.ts","statementMap":{"0":{"start":{"line":5,"column":0},"end":{"line":5,"column":16}},"1":{"start":{"line":2,"column":0},"end":{"line":2,"column":65}},"2":{"start":{"line":6,"column":4},"end":{"line":17,"column":5}},"3":{"start":{"line":7,"column":21},"end":{"line":7,"column":32}},"4":{"start":{"line":8,"column":20},"end":{"line":8,"column":61}},"5":{"start":{"line":9,"column":22},"end":{"line":9,"column":51}},"6":{"start":{"line":10,"column":8},"end":{"line":12,"column":9}},"7":{"start":{"line":11,"column":12},"end":{"line":11,"column":24}},"8":{"start":{"line":13,"column":24},"end":{"line":13,"column":48}},"9":{"start":{"line":14,"column":8},"end":{"line":14,"column":40}},"10":{"start":{"line":16,"column":8},"end":{"line":16,"column":20}}},"fnMap":{"0":{"name":"parseWsUserFromRequest","decl":{"start":{"line":5,"column":16},"end":{"line":5,"column":38}},"loc":{"start":{"line":5,"column":59},"end":{"line":18,"column":1}}}},"branchMap":{"0":{"loc":{"start":{"line":8,"column":28},"end":{"line":8,"column":42}},"type":"binary-expr","locations":[{"start":{"line":8,"column":28},"end":{"line":8,"column":35}},{"start":{"line":8,"column":39},"end":{"line":8,"column":42}}]},"1":{"loc":{"start":{"line":10,"column":8},"end":{"line":12,"column":9}},"type":"if","locations":[{"start":{"line":10,"column":8},"end":{"line":12,"column":9}}]}},"s":{"0":1,"1":1,"2":3,"3":3,"4":3,"5":3,"6":3,"7":1,"8":2,"9":1,"10":1},"f":{"0":3},"b":{"0":[3,0],"1":[1]}}
,"C:\\Users\\Egor\\Desktop\\2DTanks\\server\\src\\ws\\userSocketRegistry.ts": {"path":"C:\\Users\\Egor\\Desktop\\2DTanks\\server\\src\\ws\\userSocketRegistry.ts","statementMap":{"0":{"start":{"line":9,"column":0},"end":{"line":9,"column":16}},"1":{"start":{"line":18,"column":0},"end":{"line":18,"column":16}},"2":{"start":{"line":27,"column":0},"end":{"line":27,"column":16}},"3":{"start":{"line":1,"column":0},"end":{"line":1,"column":31}},"4":{"start":{"line":7,"column":24},"end":{"line":7,"column":57}},"5":{"start":{"line":10,"column":14},"end":{"line":10,"column":41}},"6":{"start":{"line":11,"column":4},"end":{"line":14,"column":5}},"7":{"start":{"line":12,"column":8},"end":{"line":12,"column":24}},"8":{"start":{"line":13,"column":8},"end":{"line":13,"column":41}},"9":{"start":{"line":15,"column":4},"end":{"line":15,"column":20}},"10":{"start":{"line":19,"column":16},"end":{"line":19,"column":43}},"11":{"start":{"line":20,"column":4},"end":{"line":20,"column":21}},"12":{"start":{"line":20,"column":14},"end":{"line":20,"column":21}},"13":{"start":{"line":21,"column":4},"end":{"line":21,"column":23}},"14":{"start":{"line":22,"column":4},"end":{"line":24,"column":5}},"15":{"start":{"line":23,"column":8},"end":{"line":23,"column":39}},"16":{"start":{"line":28,"column":16},"end":{"line":28,"column":43}},"17":{"start":{"line":29,"column":4},"end":{"line":29,"column":39}},"18":{"start":{"line":29,"column":32},"end":{"line":29,"column":39}},"19":{"start":{"line":30,"column":16},"end":{"line":30,"column":39}},"20":{"start":{"line":31,"column":4},"end":{"line":39,"column":5}},"21":{"start":{"line":32,"column":8},"end":{"line":38,"column":9}},"22":{"start":{"line":33,"column":12},"end":{"line":37,"column":13}},"23":{"start":{"line":34,"column":16},"end":{"line":34,"column":28}}},"fnMap":{"0":{"name":"registerUserSocket","decl":{"start":{"line":9,"column":16},"end":{"line":9,"column":34}},"loc":{"start":{"line":9,"column":68},"end":{"line":16,"column":1}}},"1":{"name":"unregisterUserSocket","decl":{"start":{"line":18,"column":16},"end":{"line":18,"column":36}},"loc":{"start":{"line":18,"column":70},"end":{"line":25,"column":1}}},"2":{"name":"notifyUserSockets","decl":{"start":{"line":27,"column":16},"end":{"line":27,"column":33}},"loc":{"start":{"line":27,"column":82},"end":{"line":40,"column":1}}}},"branchMap":{"0":{"loc":{"start":{"line":11,"column":4},"end":{"line":14,"column":5}},"type":"if","locations":[{"start":{"line":11,"column":4},"end":{"line":14,"column":5}}]},"1":{"loc":{"start":{"line":20,"column":4},"end":{"line":20,"column":21}},"type":"if","locations":[{"start":{"line":20,"column":4},"end":{"line":20,"column":21}}]},"2":{"loc":{"start":{"line":22,"column":4},"end":{"line":24,"column":5}},"type":"if","locations":[{"start":{"line":22,"column":4},"end":{"line":24,"column":5}}]},"3":{"loc":{"start":{"line":29,"column":4},"end":{"line":29,"column":39}},"type":"if","locations":[{"start":{"line":29,"column":4},"end":{"line":29,"column":39}}]},"4":{"loc":{"start":{"line":29,"column":8},"end":{"line":29,"column":30}},"type":"binary-expr","locations":[{"start":{"line":29,"column":8},"end":{"line":29,"column":12}},{"start":{"line":29,"column":16},"end":{"line":29,"column":30}}]},"5":{"loc":{"start":{"line":32,"column":8},"end":{"line":38,"column":9}},"type":"if","locations":[{"start":{"line":32,"column":8},"end":{"line":38,"column":9}}]}},"s":{"0":7,"1":7,"2":7,"3":7,"4":7,"5":6,"6":6,"7":5,"8":5,"9":6,"10":5,"11":5,"12":0,"13":5,"14":5,"15":4,"16":5,"17":5,"18":1,"19":4,"20":4,"21":5,"22":4,"23":4},"f":{"0":6,"1":5,"2":5},"b":{"0":[5],"1":[0],"2":[4],"3":[1],"4":[5,4],"5":[4]}}
}
