TN:
SF:src\createHttpApp.ts
FN:8,isAllowedCorsOrigin
FN:26,(anonymous_2)
FN:32,createHttpApp
FN:36,(anonymous_4)
FN:47,(anonymous_5)
FNF:5
FNH:5
FNDA:9,isAllowedCorsOrigin
FNDA:4,(anonymous_2)
FNDA:1,createHttpApp
FNDA:1,(anonymous_4)
FNDA:1,(anonymous_5)
DA:1,2
DA:2,2
DA:3,2
DA:4,2
DA:5,2
DA:8,2
DA:9,9
DA:10,2
DA:12,7
DA:13,2
DA:15,5
DA:16,1
DA:18,4
DA:19,1
DA:21,3
DA:22,1
DA:24,2
DA:26,4
DA:28,2
DA:32,2
DA:33,1
DA:34,1
DA:37,1
DA:42,1
DA:43,1
DA:44,1
DA:45,1
DA:47,1
DA:48,1
DA:51,1
LF:30
LH:30
BRDA:9,0,0,2
BRDA:12,1,0,2
BRDA:15,2,0,1
BRDA:18,3,0,1
BRDA:21,4,0,1
BRDA:24,5,0,2
BRDA:24,5,1,0
BRF:7
BRH:6
end_of_record
TN:
SF:src\serverPort.ts
FN:7,parsePositiveInt
FN:18,resolveListenPort
FNF:2
FNH:2
FNDA:11,parsePositiveInt
FNDA:6,resolveListenPort
DA:5,1
DA:8,11
DA:9,6
DA:11,5
DA:12,5
DA:13,2
DA:15,3
DA:18,1
DA:19,6
DA:20,6
DA:21,1
DA:24,5
DA:25,5
DA:26,2
DA:27,1
DA:31,1
DA:33,1
DA:36,3
LF:18
LH:18
BRDA:8,0,0,6
BRDA:8,1,0,11
BRDA:8,1,1,5
BRDA:12,2,0,2
BRDA:12,3,0,5
BRDA:12,3,1,4
BRDA:12,3,2,4
BRDA:20,4,0,1
BRDA:25,5,0,2
BRDA:26,6,0,1
BRF:10
BRH:10
end_of_record
TN:
SF:src\auth\httpAuth.ts
FN:11,requireBearerAuth
FNF:1
FNH:1
FNDA:3,requireBearerAuth
DA:3,3
DA:11,3
DA:12,3
DA:13,3
DA:14,3
DA:15,1
DA:16,1
DA:18,2
DA:19,2
DA:20,1
DA:22,1
LF:11
LH:11
BRDA:13,0,0,2
BRDA:13,0,1,1
BRDA:14,1,0,1
BRF:3
BRH:3
end_of_record
TN:
SF:src\auth\jwt.ts
FN:12,secret
FN:20,signAccessToken
FN:28,verifyAccessToken
FN:39,payloadToWsUser
FNF:4
FNH:4
FNDA:12,secret
FNDA:5,signAccessToken
FNDA:7,verifyAccessToken
FNDA:2,payloadToWsUser
DA:1,5
DA:10,5
DA:13,12
DA:14,12
DA:15,1
DA:17,11
DA:20,5
DA:21,5
DA:28,5
DA:29,7
DA:30,4
DA:31,4
DA:32,4
DA:33,4
DA:34,1
DA:36,3
DA:39,5
DA:40,2
LF:18
LH:18
BRDA:14,0,0,1
BRDA:20,1,0,5
BRDA:33,2,0,1
BRDA:33,3,0,4
BRDA:33,3,1,4
BRDA:33,3,2,4
BRF:6
BRH:6
end_of_record
TN:
SF:src\auth\password.ts
FN:5,hashPassword
FN:9,verifyPassword
FNF:2
FNH:2
FNDA:2,hashPassword
FNDA:2,verifyPassword
DA:1,3
DA:3,3
DA:5,3
DA:6,2
DA:9,3
DA:10,2
LF:6
LH:6
BRF:0
BRH:0
end_of_record
TN:
SF:src\constants\gameConstants.ts
FN:12,dynamicCrateMass
FN:35,(anonymous_1)
FN:70,(anonymous_2)
FN:74,(anonymous_3)
FNF:4
FNH:4
FNDA:5,dynamicCrateMass
FNDA:5,(anonymous_1)
FNDA:1,(anonymous_2)
FNDA:1,(anonymous_3)
DA:1,5
DA:2,5
DA:3,5
DA:4,5
DA:10,5
DA:12,5
DA:13,5
DA:14,5
DA:16,5
DA:22,5
DA:23,5
DA:24,5
DA:25,5
DA:27,5
DA:28,5
DA:29,5
DA:30,5
DA:31,5
DA:32,5
DA:33,5
DA:35,5
DA:36,5
DA:37,5
DA:38,5
DA:39,5
DA:40,5
DA:41,5
DA:43,5
DA:47,5
DA:50,5
DA:51,5
DA:53,5
DA:54,5
DA:55,5
DA:56,5
DA:57,5
DA:58,5
DA:59,5
DA:60,5
DA:61,5
DA:62,5
DA:63,5
DA:64,5
DA:65,5
DA:66,5
DA:67,5
DA:68,5
DA:71,1
DA:75,1
LF:49
LH:49
BRDA:35,0,0,5
BRDA:35,0,1,5
BRF:2
BRH:2
end_of_record
TN:
SF:src\db\pool.ts
FN:5,getPool
FN:16,closePool
FNF:2
FNH:2
FNDA:3,getPool
FNDA:4,closePool
DA:1,5
DA:3,5
DA:5,5
DA:6,3
DA:7,3
DA:8,3
DA:10,0
DA:11,0
DA:13,0
DA:16,5
DA:17,4
DA:18,0
DA:19,0
LF:13
LH:8
BRDA:7,0,0,3
BRDA:10,1,0,0
BRDA:17,2,0,0
BRF:3
BRH:1
end_of_record
TN:
SF:src\game\world\deathmatchArenaLayout.ts
FN:46,getDeathmatchArenaWallCellsForSeed
FN:54,deathmatchBannedCellsAroundWalls
FN:72,buildFreeSpawnSlots
FN:121,pickDeathmatchSpawnSlots
FN:129,(anonymous_4)
FN:133,(anonymous_5)
FN:162,(anonymous_6)
FNF:7
FNH:6
FNDA:6,getDeathmatchArenaWallCellsForSeed
FNDA:4,deathmatchBannedCellsAroundWalls
FNDA:2,buildFreeSpawnSlots
FNDA:4,pickDeathmatchSpawnSlots
FNDA:17,(anonymous_4)
FNDA:6,(anonymous_5)
FNDA:0,(anonymous_6)
DA:1,1
DA:8,1
DA:18,1
DA:28,1
DA:37,1
DA:43,1
DA:46,1
DA:47,6
DA:48,6
DA:54,1
DA:57,4
DA:58,4
DA:59,24
DA:60,72
DA:61,216
DA:62,216
DA:63,216
DA:64,216
DA:69,4
DA:72,1
DA:73,2
DA:74,2
DA:75,10
DA:76,110
DA:77,32
DA:81,2
DA:88,1
DA:121,1
DA:126,4
DA:127,2
DA:129,17
DA:130,2
DA:131,2
DA:133,2
DA:134,6
DA:135,6
DA:136,2
DA:138,4
DA:139,4
DA:140,4
DA:143,2
DA:144,7
DA:145,1
DA:147,6
DA:150,2
DA:151,2
DA:152,2
DA:153,2
DA:154,2
DA:155,2
DA:156,1
DA:159,1
DA:162,0
DA:164,1
DA:165,1
DA:166,1
DA:169,2
DA:170,1
DA:172,1
DA:173,1
DA:176,2
DA:177,2
DA:178,3
DA:179,3
DA:182,2
LF:65
LH:64
BRDA:55,0,0,3
BRDA:63,1,0,216
BRDA:63,2,0,216
BRDA:63,2,1,216
BRDA:63,2,2,216
BRDA:63,2,3,216
BRDA:76,3,0,32
BRDA:124,4,0,3
BRDA:126,5,0,2
BRDA:135,6,0,2
BRDA:135,7,0,6
BRDA:135,7,1,4
BRDA:144,8,0,1
BRDA:155,9,0,1
BRDA:159,10,0,1
BRDA:159,10,1,0
BRDA:164,11,0,1
BRDA:169,12,0,1
BRDA:177,13,0,5
BRDA:177,13,1,3
BRF:20
BRH:19
end_of_record
TN:
SF:src\gameApi\parseTankPresetPayload.ts
FN:4,parseTankPresetPayload
FNF:1
FNH:1
FNDA:9,parseTankPresetPayload
DA:2,3
DA:4,3
DA:7,9
DA:8,4
DA:10,5
DA:11,5
DA:12,5
DA:13,1
DA:15,4
DA:16,1
DA:18,3
DA:19,3
DA:20,7
DA:21,7
DA:22,2
DA:24,5
DA:26,1
LF:17
LH:17
BRDA:7,0,0,4
BRDA:7,1,0,9
BRDA:7,1,1,7
BRDA:11,2,0,5
BRDA:11,2,1,0
BRDA:12,3,0,1
BRDA:15,4,0,1
BRDA:21,5,0,2
BRDA:21,6,0,7
BRDA:21,6,1,7
BRDA:21,6,2,6
BRDA:21,6,3,6
BRF:12
BRH:11
end_of_record
TN:
SF:src\geometry\CollisionDetector.ts
FN:19,(anonymous_0)
FN:26,(anonymous_1)
FN:38,(anonymous_2)
FN:43,(anonymous_3)
FN:55,(anonymous_4)
FN:66,(anonymous_5)
FN:92,(anonymous_6)
FN:112,(anonymous_7)
FN:129,(anonymous_8)
FN:155,(anonymous_9)
FNF:10
FNH:9
FNDA:4,(anonymous_0)
FNDA:0,(anonymous_1)
FNDA:2,(anonymous_2)
FNDA:3,(anonymous_3)
FNDA:13,(anonymous_4)
FNDA:4,(anonymous_5)
FNDA:6,(anonymous_6)
FNDA:2,(anonymous_7)
FNDA:2,(anonymous_8)
FNDA:56,(anonymous_9)
DA:1,2
DA:2,2
DA:4,2
DA:20,4
DA:21,4
DA:22,4
DA:25,2
DA:27,2
DA:39,2
DA:44,3
DA:45,9
DA:46,9
DA:48,9
DA:49,1
DA:52,2
DA:56,13
DA:57,13
DA:59,13
DA:60,39
DA:61,13
DA:63,13
DA:67,4
DA:68,4
DA:70,4
DA:72,4
DA:75,2
DA:77,2
DA:78,2
DA:79,2
DA:80,2
DA:81,2
DA:82,0
DA:84,2
DA:94,6
DA:95,18
DA:96,18
DA:98,18
DA:100,18
DA:101,2
DA:103,16
DA:104,4
DA:105,4
DA:106,4
DA:109,4
DA:115,2
DA:116,2
DA:117,2
DA:120,0
DA:121,0
DA:124,2
DA:130,2
DA:131,2
DA:132,2
DA:133,2
DA:135,2
DA:136,6
DA:138,6
DA:139,2
DA:140,2
DA:142,4
DA:143,0
DA:144,0
DA:146,4
DA:147,0
DA:148,4
DA:149,0
DA:152,2
DA:156,56
DA:157,56
DA:159,56
DA:160,168
DA:161,168
DA:162,26
DA:163,142
DA:164,30
DA:167,56
LF:76
LH:69
BRDA:39,0,0,2
BRDA:39,0,1,1
BRDA:48,1,0,1
BRDA:72,2,0,2
BRDA:72,3,0,4
BRDA:72,3,1,2
BRDA:81,4,0,0
BRDA:100,5,0,2
BRDA:103,6,0,4
BRDA:115,7,0,2
BRDA:115,7,1,0
BRDA:124,8,0,2
BRDA:124,8,1,0
BRDA:138,9,0,2
BRDA:138,9,1,4
BRDA:142,10,0,0
BRDA:142,10,1,4
BRDA:146,11,0,0
BRDA:146,11,1,4
BRDA:146,12,0,4
BRDA:146,12,1,0
BRDA:148,13,0,0
BRDA:148,14,0,4
BRDA:148,14,1,0
BRDA:161,15,0,26
BRDA:161,15,1,142
BRDA:163,16,0,30
BRF:27
BRH:19
end_of_record
TN:
SF:src\geometry\CollisionResolver.ts
FN:14,(anonymous_0)
FN:23,(anonymous_1)
FN:89,(anonymous_2)
FN:95,(anonymous_3)
FN:101,(anonymous_4)
FN:109,(anonymous_5)
FN:123,(anonymous_6)
FNF:7
FNH:6
FNDA:0,(anonymous_0)
FNDA:2,(anonymous_1)
FNDA:4,(anonymous_2)
FNDA:2,(anonymous_3)
FNDA:4,(anonymous_4)
FNDA:2,(anonymous_5)
FNDA:1,(anonymous_6)
DA:2,1
DA:3,1
DA:4,1
DA:13,1
DA:16,1
DA:18,1
DA:19,1
DA:20,1
DA:21,1
DA:27,2
DA:28,2
DA:29,1
DA:31,1
DA:32,1
DA:34,1
DA:36,1
DA:37,1
DA:39,1
DA:40,1
DA:41,1
DA:42,1
DA:44,1
DA:45,1
DA:46,1
DA:48,1
DA:51,1
DA:52,1
DA:53,1
DA:56,1
DA:57,1
DA:58,1
DA:60,1
DA:62,1
DA:63,1
DA:64,1
DA:65,1
DA:68,1
DA:69,1
DA:70,1
DA:71,1
DA:73,1
DA:74,1
DA:75,1
DA:76,1
DA:77,1
DA:79,1
DA:80,1
DA:81,1
DA:82,1
DA:83,1
DA:86,1
DA:90,4
DA:91,2
DA:92,2
DA:96,2
DA:97,1
DA:98,1
DA:102,4
DA:103,4
DA:104,4
DA:105,4
DA:106,4
DA:113,2
DA:114,2
DA:115,2
DA:116,0
DA:117,2
DA:118,2
DA:119,2
DA:120,0
DA:124,1
DA:125,1
DA:126,0
DA:128,1
DA:129,1
DA:130,1
DA:131,1
DA:132,0
DA:134,1
DA:135,1
DA:136,1
DA:137,1
DA:138,1
DA:140,1
DA:141,4
DA:142,1
DA:143,4
LF:87
LH:83
BRDA:28,0,0,1
BRDA:51,1,0,1
BRDA:60,2,0,1
BRDA:60,2,1,0
BRDA:63,3,0,1
BRDA:63,4,0,1
BRDA:63,4,1,1
BRDA:73,5,0,1
BRDA:73,6,0,1
BRDA:73,6,1,1
BRDA:82,7,0,1
BRDA:90,8,0,2
BRDA:90,9,0,4
BRDA:90,9,1,2
BRDA:96,10,0,1
BRDA:96,11,0,2
BRDA:96,11,1,1
BRDA:113,12,0,2
BRDA:115,13,0,0
BRDA:117,14,0,2
BRDA:119,15,0,0
BRDA:125,16,0,0
BRDA:131,17,0,0
BRF:23
BRH:18
end_of_record
TN:
SF:src\geometry\Point.ts
FN:7,(anonymous_0)
FN:11,(anonymous_1)
FN:12,(anonymous_2)
FN:13,(anonymous_3)
FN:14,(anonymous_4)
FN:15,(anonymous_5)
FN:21,(anonymous_6)
FN:34,(anonymous_7)
FN:38,(anonymous_8)
FN:45,(anonymous_9)
FN:46,(anonymous_10)
FN:51,(anonymous_11)
FN:59,(anonymous_12)
FN:67,(anonymous_13)
FN:77,(anonymous_14)
FN:84,(anonymous_15)
FN:89,(anonymous_16)
FNF:17
FNH:16
FNDA:218,(anonymous_0)
FNDA:908,(anonymous_1)
FNDA:22,(anonymous_2)
FNDA:906,(anonymous_3)
FNDA:22,(anonymous_4)
FNDA:10,(anonymous_5)
FNDA:13,(anonymous_6)
FNDA:58,(anonymous_7)
FNDA:55,(anonymous_8)
FNDA:2,(anonymous_9)
FNDA:0,(anonymous_10)
FNDA:8,(anonymous_11)
FNDA:1,(anonymous_12)
FNDA:1,(anonymous_13)
FNDA:58,(anonymous_14)
FNDA:52,(anonymous_15)
FNDA:6,(anonymous_16)
DA:4,8
DA:8,218
DA:9,218
DA:11,908
DA:12,22
DA:13,906
DA:14,22
DA:15,10
DA:22,13
DA:23,13
DA:30,8
DA:34,58
DA:39,55
DA:40,55
DA:41,54
DA:42,54
DA:45,2
DA:46,0
DA:52,8
DA:53,8
DA:60,1
DA:61,1
DA:68,1
DA:69,1
DA:76,8
DA:77,58
DA:85,52
DA:86,52
DA:87,52
DA:89,6
LF:30
LH:29
BRDA:40,0,0,54
BRF:1
BRH:1
end_of_record
TN:
SF:src\geometry\PointRotator.ts
FN:7,(anonymous_0)
FN:15,(anonymous_1)
FN:27,(anonymous_2)
FNF:3
FNH:2
FNDA:0,(anonymous_0)
FNDA:17,(anonymous_1)
FNDA:5,(anonymous_2)
DA:6,4
DA:16,17
DA:17,17
DA:18,17
DA:19,17
DA:28,5
DA:29,5
DA:30,5
LF:8
LH:8
BRF:0
BRH:0
end_of_record
TN:
SF:src\geometry\VectorUtils.ts
FN:4,(anonymous_0)
FN:6,(anonymous_1)
FN:10,(anonymous_2)
FN:14,(anonymous_3)
FN:18,(anonymous_4)
FN:22,(anonymous_5)
FNF:6
FNH:5
FNDA:0,(anonymous_0)
FNDA:238,(anonymous_1)
FNDA:7,(anonymous_2)
FNDA:1,(anonymous_3)
FNDA:7,(anonymous_4)
FNDA:3,(anonymous_5)
DA:1,3
DA:3,3
DA:7,238
DA:11,7
DA:15,1
DA:19,7
DA:23,3
LF:7
LH:7
BRF:0
BRH:0
end_of_record
TN:
SF:src\geometry\additionalFunc.ts
FN:9,calcDistance
FN:22,clampAngle
FN:36,isAngleInQuadrant2or3
FN:46,calcTurn
FN:54,shortestAngleDelta
FN:69,calcMidBetweenTwoPoint
FNF:6
FNH:6
FNDA:2,calcDistance
FNDA:3,clampAngle
FNDA:2,isAngleInQuadrant2or3
FNDA:1,calcTurn
FNDA:3,shortestAngleDelta
FNDA:13,calcMidBetweenTwoPoint
DA:1,5
DA:9,5
DA:10,2
DA:11,2
DA:12,2
DA:22,5
DA:23,3
DA:24,1
DA:25,3
DA:26,2
DA:28,3
DA:36,5
DA:37,2
DA:46,5
DA:47,1
DA:54,5
DA:55,3
DA:56,3
DA:57,1
DA:58,3
DA:59,2
DA:60,3
DA:69,5
DA:70,13
LF:24
LH:24
BRDA:22,0,0,3
BRDA:22,1,0,3
BRDA:37,2,0,2
BRDA:37,2,1,1
BRF:4
BRH:4
end_of_record
TN:
SF:src\polygon\entity\EntityManipulator.ts
FN:6,(anonymous_0)
FN:8,(anonymous_1)
FN:17,(anonymous_2)
FN:22,(anonymous_3)
FN:32,(anonymous_4)
FNF:5
FNH:4
FNDA:0,(anonymous_0)
FNDA:1,(anonymous_1)
FNDA:1,(anonymous_2)
FNDA:3,(anonymous_3)
FNDA:1,(anonymous_4)
DA:1,3
DA:3,3
DA:5,3
DA:9,1
DA:10,1
DA:11,1
DA:12,1
DA:13,4
DA:18,1
DA:19,1
DA:23,3
DA:24,3
DA:25,3
DA:27,3
DA:28,12
DA:29,3
DA:33,1
DA:34,1
DA:35,1
DA:37,1
DA:38,4
LF:21
LH:21
BRF:0
BRH:0
end_of_record
TN:
SF:src\polygon\entity\IEntity.ts
FN:33,(anonymous_0)
FN:44,(anonymous_1)
FN:53,(anonymous_2)
FN:54,(anonymous_3)
FN:55,(anonymous_4)
FN:56,(anonymous_5)
FN:57,(anonymous_6)
FN:58,(anonymous_7)
FN:59,(anonymous_8)
FN:60,(anonymous_9)
FN:61,(anonymous_10)
FN:62,(anonymous_11)
FN:63,(anonymous_12)
FN:67,(anonymous_13)
FNF:14
FNH:14
FNDA:10,(anonymous_0)
FNDA:10,(anonymous_1)
FNDA:29,(anonymous_2)
FNDA:4,(anonymous_3)
FNDA:220,(anonymous_4)
FNDA:5,(anonymous_5)
FNDA:7,(anonymous_6)
FNDA:3,(anonymous_7)
FNDA:1,(anonymous_8)
FNDA:1,(anonymous_9)
FNDA:3,(anonymous_10)
FNDA:12,(anonymous_11)
FNDA:1,(anonymous_12)
FNDA:1,(anonymous_13)
DA:1,3
DA:2,3
DA:3,3
DA:17,3
DA:19,3
DA:20,3
DA:25,10
DA:26,10
DA:34,10
DA:35,10
DA:36,10
DA:37,10
DA:38,10
DA:39,10
DA:40,10
DA:41,10
DA:45,10
DA:49,10
DA:50,2
DA:53,29
DA:54,4
DA:55,220
DA:56,5
DA:57,7
DA:58,3
DA:59,1
DA:60,1
DA:61,3
DA:62,12
DA:64,1
DA:65,1
DA:68,1
DA:69,1
LF:33
LH:33
BRDA:49,0,0,2
BRF:1
BRH:1
end_of_record
TN:
SF:src\repos\friendshipsRepo.ts
FN:43,ensureSchema
FN:61,pair
FN:70,sendFriendRequest
FN:109,acceptFriendRequestInternal
FN:130,acceptFriendRequest
FN:148,rejectFriendRequest
FN:163,removeFriend
FN:174,blockUser
FN:200,unblockUser
FN:211,listFriends
FN:230,listIncomingRequests
FN:249,listOutgoingRequests
FN:268,listBlocked
FN:286,isBlockedBetween
FN:301,areAcceptedFriends
FN:312,searchUsers
FNF:16
FNH:0
FNDA:0,ensureSchema
FNDA:0,pair
FNDA:0,sendFriendRequest
FNDA:0,acceptFriendRequestInternal
FNDA:0,acceptFriendRequest
FNDA:0,rejectFriendRequest
FNDA:0,removeFriend
FNDA:0,blockUser
FNDA:0,unblockUser
FNDA:0,listFriends
FNDA:0,listIncomingRequests
FNDA:0,listOutgoingRequests
FNDA:0,listBlocked
FNDA:0,isBlockedBetween
FNDA:0,areAcceptedFriends
FNDA:0,searchUsers
DA:44,0
DA:57,0
DA:58,0
DA:62,0
DA:70,2
DA:75,0
DA:76,0
DA:78,0
DA:79,0
DA:81,0
DA:82,0
DA:87,0
DA:88,0
DA:89,0
DA:90,0
DA:91,0
DA:93,0
DA:94,0
DA:96,0
DA:100,0
DA:106,0
DA:110,0
DA:111,0
DA:112,0
DA:113,0
DA:117,0
DA:123,0
DA:125,0
DA:126,0
DA:130,2
DA:135,0
DA:136,0
DA:137,0
DA:142,0
DA:143,0
DA:144,0
DA:145,0
DA:148,2
DA:153,0
DA:154,0
DA:155,0
DA:160,0
DA:163,2
DA:164,0
DA:165,0
DA:166,0
DA:171,0
DA:174,2
DA:175,0
DA:176,0
DA:177,0
DA:178,0
DA:179,0
DA:181,0
DA:186,0
DA:192,0
DA:193,0
DA:195,0
DA:196,0
DA:200,2
DA:201,0
DA:202,0
DA:203,0
DA:208,0
DA:211,2
DA:212,0
DA:213,0
DA:227,0
DA:230,2
DA:231,0
DA:232,0
DA:246,0
DA:249,2
DA:250,0
DA:251,0
DA:265,0
DA:268,2
DA:269,0
DA:270,0
DA:283,0
DA:286,2
DA:291,0
DA:292,0
DA:293,0
DA:297,0
DA:301,2
DA:302,0
DA:303,0
DA:304,0
DA:305,0
DA:309,0
DA:312,2
DA:318,0
DA:319,0
DA:320,0
DA:332,0
LF:96
LH:13
BRDA:62,0,0,0
BRDA:62,0,1,0
BRDA:75,1,0,0
BRDA:79,2,0,0
BRDA:88,3,0,0
BRDA:89,4,0,0
BRDA:90,5,0,0
BRDA:91,6,0,0
BRDA:143,7,0,0
BRDA:143,8,0,0
BRDA:143,8,1,0
BRDA:160,9,0,0
BRDA:160,9,1,0
BRDA:171,10,0,0
BRDA:171,10,1,0
BRDA:175,11,0,0
BRDA:208,12,0,0
BRDA:208,12,1,0
BRDA:297,13,0,0
BRDA:297,13,1,0
BRDA:302,14,0,0
BRDA:309,15,0,0
BRDA:309,15,1,0
BRDA:316,16,0,0
BRDA:319,17,0,0
BRF:25
BRH:0
end_of_record
TN:
SF:src\repos\replayLikesRepo.ts
FN:9,ensureSchema
FN:22,likeReplay
FN:44,unlikeReplay
FN:69,listPublicReplays
FN:111,getLikeInfo
FNF:5
FNH:0
FNDA:0,ensureSchema
FNDA:0,likeReplay
FNDA:0,unlikeReplay
FNDA:0,listPublicReplays
FNDA:0,getLikeInfo
DA:10,0
DA:18,0
DA:19,0
DA:22,2
DA:27,0
DA:29,0
DA:33,0
DA:34,0
DA:35,0
DA:41,0
DA:44,2
DA:45,0
DA:46,0
DA:69,2
DA:74,0
DA:75,0
DA:76,0
DA:77,0
DA:79,0
DA:108,0
DA:111,2
DA:116,0
DA:117,0
DA:123,0
DA:124,0
LF:25
LH:4
BRDA:34,0,0,0
BRDA:34,1,0,0
BRDA:34,1,1,0
BRDA:72,2,0,0
BRDA:75,3,0,0
BRDA:75,3,1,0
BRDA:76,4,0,0
BRDA:76,4,1,0
BRDA:77,5,0,0
BRDA:77,5,1,0
BRDA:125,6,0,0
BRDA:125,6,1,0
BRF:12
BRH:0
end_of_record
TN:
SF:src\repos\replayRepo.ts
FN:43,isReplayPlayerInput
FN:47,replayEventsToActionRows
FN:48,(anonymous_2)
FN:76,ensureReplayActionsTable
FN:96,saveMatchReplayActions
FN:122,createReplaysForParticipants
FN:148,listReplaysForUser
FN:176,getReplayIfAllowed
FN:205,hasLegacyMatchReplayFrames
FN:221,getReplayActionsForMatch
FN:252,listParticipantNamesForMatch
FN:265,ensureSharedSlugColumn
FN:272,generateSlug
FN:287,ensureReplaySharedSlug
FN:320,revokeReplaySharedSlug
FN:334,getReplayBySharedSlug
FN:351,updateReplayMeta
FN:377,enrichMatchStatsDisplayNames
FN:399,(anonymous_18)
FN:434,listMatchHistoryForUser
FNF:20
FNH:3
FNDA:5,isReplayPlayerInput
FNDA:1,replayEventsToActionRows
FNDA:1,(anonymous_2)
FNDA:0,ensureReplayActionsTable
FNDA:0,saveMatchReplayActions
FNDA:0,createReplaysForParticipants
FNDA:0,listReplaysForUser
FNDA:0,getReplayIfAllowed
FNDA:0,hasLegacyMatchReplayFrames
FNDA:0,getReplayActionsForMatch
FNDA:0,listParticipantNamesForMatch
FNDA:0,ensureSharedSlugColumn
FNDA:0,generateSlug
FNDA:0,ensureReplaySharedSlug
FNDA:0,revokeReplaySharedSlug
FNDA:0,getReplayBySharedSlug
FNDA:0,updateReplayMeta
FNDA:0,enrichMatchStatsDisplayNames
FNDA:0,(anonymous_18)
FNDA:0,listMatchHistoryForUser
DA:43,3
DA:44,5
DA:47,3
DA:48,1
DA:77,0
DA:86,0
DA:90,0
DA:96,3
DA:106,0
DA:108,0
DA:109,0
DA:122,3
DA:123,0
DA:148,3
DA:149,0
DA:159,0
DA:176,3
DA:181,0
DA:198,0
DA:205,3
DA:206,0
DA:214,0
DA:215,0
DA:217,0
DA:218,0
DA:221,3
DA:222,0
DA:223,0
DA:233,0
DA:234,0
DA:235,0
DA:237,0
DA:238,0
DA:239,0
DA:252,3
DA:253,0
DA:261,0
DA:266,0
DA:267,0
DA:274,0
DA:275,0
DA:276,0
DA:277,0
DA:279,0
DA:287,3
DA:292,0
DA:293,0
DA:298,0
DA:299,0
DA:300,0
DA:303,0
DA:304,0
DA:305,0
DA:306,0
DA:311,0
DA:313,0
DA:316,0
DA:320,3
DA:325,0
DA:326,0
DA:331,0
DA:334,3
DA:338,0
DA:339,0
DA:348,0
DA:351,3
DA:357,0
DA:358,0
DA:359,0
DA:360,0
DA:363,0
DA:364,0
DA:365,0
DA:373,0
DA:377,3
DA:382,0
DA:383,0
DA:385,0
DA:392,0
DA:393,0
DA:394,0
DA:395,0
DA:396,0
DA:399,0
DA:400,0
DA:401,0
DA:403,0
DA:405,0
DA:408,0
DA:409,0
DA:411,0
DA:412,0
DA:413,0
DA:414,0
DA:416,0
DA:434,3
DA:435,0
DA:445,0
LF:98
LH:17
BRDA:108,0,0,0
BRDA:108,0,1,0
BRDA:108,1,0,0
BRDA:108,1,1,0
BRDA:198,2,0,0
BRDA:198,2,1,0
BRDA:214,3,0,0
BRDA:218,4,0,0
BRDA:218,4,1,0
BRDA:234,5,0,0
BRDA:234,6,0,0
BRDA:234,6,1,0
BRDA:234,6,2,0
BRDA:237,7,0,0
BRDA:237,7,1,0
BRDA:237,8,0,0
BRDA:237,8,1,0
BRDA:238,9,0,0
BRDA:238,9,1,0
BRDA:299,10,0,0
BRDA:300,11,0,0
BRDA:300,12,0,0
BRDA:300,12,1,0
BRDA:304,13,0,0
BRDA:304,13,1,0
BRDA:313,14,0,0
BRDA:331,15,0,0
BRDA:331,15,1,0
BRDA:348,16,0,0
BRDA:348,16,1,0
BRDA:357,17,0,0
BRDA:359,18,0,0
BRDA:359,19,0,0
BRDA:359,19,1,0
BRDA:363,20,0,0
BRDA:363,20,1,0
BRDA:364,21,0,0
BRDA:364,21,1,0
BRDA:373,22,0,0
BRDA:373,22,1,0
BRDA:382,23,0,0
BRDA:382,24,0,0
BRDA:382,24,1,0
BRDA:395,25,0,0
BRDA:400,26,0,0
BRDA:400,27,0,0
BRDA:400,27,1,0
BRDA:405,28,0,0
BRDA:405,28,1,0
BRDA:405,29,0,0
BRDA:405,29,1,0
BRDA:408,30,0,0
BRDA:411,31,0,0
BRDA:411,31,1,0
BRDA:412,32,0,0
BRDA:412,32,1,0
BRDA:413,33,0,0
BRDA:434,34,0,0
BRF:58
BRH:0
end_of_record
TN:
SF:src\repos\tankPresetRepo.ts
FN:27,listPresetsForUser
FN:39,countPresetsForUser
FN:47,createPreset
FN:72,deletePreset
FN:84,updatePreset
FNF:5
FNH:0
FNDA:0,listPresetsForUser
FNDA:0,countPresetsForUser
FNDA:0,createPreset
FNDA:0,deletePreset
FNDA:0,updatePreset
DA:24,3
DA:25,3
DA:27,3
DA:28,0
DA:36,0
DA:39,3
DA:40,0
DA:44,0
DA:47,3
DA:52,0
DA:69,0
DA:72,3
DA:77,0
DA:81,0
DA:84,3
DA:90,0
DA:113,0
LF:17
LH:7
BRDA:44,0,0,0
BRDA:44,0,1,0
BRDA:81,1,0,0
BRDA:81,1,1,0
BRDA:113,2,0,0
BRDA:113,2,1,0
BRF:6
BRH:0
end_of_record
TN:
SF:src\repos\userRepo.ts
FN:4,findUserByLogin
FN:13,findUserByEmail
FN:22,findUserById
FN:31,createUser
FN:46,getProfileByUserId
FN:55,updateUserProfile
FNF:6
FNH:0
FNDA:0,findUserByLogin
FNDA:0,findUserByEmail
FNDA:0,findUserById
FNDA:0,createUser
FNDA:0,getProfileByUserId
FNDA:0,updateUserProfile
DA:4,2
DA:5,0
DA:10,0
DA:13,2
DA:14,0
DA:19,0
DA:22,2
DA:23,0
DA:28,0
DA:31,2
DA:35,0
DA:41,0
DA:42,0
DA:43,0
DA:46,2
DA:47,0
DA:52,0
DA:55,2
DA:60,0
DA:61,0
DA:63,0
DA:64,0
DA:68,0
DA:70,0
DA:71,0
DA:75,0
DA:77,0
DA:78,0
DA:82,0
DA:84,0
LF:30
LH:6
BRDA:10,0,0,0
BRDA:10,0,1,0
BRDA:19,1,0,0
BRDA:19,1,1,0
BRDA:28,2,0,0
BRDA:28,2,1,0
BRDA:52,3,0,0
BRDA:52,3,1,0
BRDA:60,4,0,0
BRDA:60,5,0,0
BRDA:60,5,1,0
BRDA:63,6,0,0
BRDA:63,7,0,0
BRDA:63,7,1,0
BRDA:68,8,0,0
BRDA:68,8,1,0
BRDA:70,9,0,0
BRDA:75,10,0,0
BRDA:75,10,1,0
BRDA:77,11,0,0
BRDA:82,12,0,0
BRDA:82,12,1,0
BRF:22
BRH:0
end_of_record
TN:
SF:src\routes\authRoutes.ts
FN:9,badRequest
FN:13,jwtReady
FN:21,emailOk
FN:25,(anonymous_12)
FN:105,(anonymous_13)
FN:160,(anonymous_14)
FN:236,(anonymous_15)
FNF:7
FNH:0
FNDA:0,badRequest
FNDA:0,jwtReady
FNDA:0,emailOk
FNDA:0,(anonymous_12)
FNDA:0,(anonymous_13)
FNDA:0,(anonymous_14)
FNDA:0,(anonymous_15)
DA:1,2
DA:2,2
DA:3,2
DA:4,2
DA:5,2
DA:7,2
DA:10,0
DA:14,0
DA:15,0
DA:16,0
DA:18,0
DA:22,0
DA:25,2
DA:26,0
DA:27,0
DA:28,0
DA:29,0
DA:32,0
DA:33,0
DA:34,0
DA:35,0
DA:37,0
DA:38,0
DA:39,0
DA:41,0
DA:42,0
DA:43,0
DA:45,0
DA:46,0
DA:47,0
DA:49,0
DA:50,0
DA:51,0
DA:54,0
DA:55,0
DA:58,0
DA:59,0
DA:60,0
DA:61,0
DA:63,0
DA:64,0
DA:65,0
DA:68,0
DA:69,0
DA:75,0
DA:77,0
DA:83,0
DA:100,0
DA:101,0
DA:105,2
DA:106,0
DA:107,0
DA:108,0
DA:109,0
DA:112,0
DA:113,0
DA:115,0
DA:116,0
DA:117,0
DA:120,0
DA:121,0
DA:124,0
DA:125,0
DA:126,0
DA:127,0
DA:128,0
DA:131,0
DA:132,0
DA:138,0
DA:155,0
DA:156,0
DA:160,2
DA:161,0
DA:162,0
DA:163,0
DA:164,0
DA:167,0
DA:168,0
DA:169,0
DA:170,0
DA:171,0
DA:175,0
DA:176,0
DA:178,0
DA:179,0
DA:182,0
DA:183,0
DA:184,0
DA:186,0
DA:187,0
DA:188,0
DA:190,0
DA:191,0
DA:192,0
DA:193,0
DA:195,0
DA:199,0
DA:200,0
DA:201,0
DA:202,0
DA:203,0
DA:205,0
DA:206,0
DA:210,0
DA:211,0
DA:212,0
DA:215,0
DA:216,0
DA:217,0
DA:218,0
DA:219,0
DA:221,0
DA:222,0
DA:231,0
DA:232,0
DA:236,2
DA:237,0
DA:238,0
DA:239,0
DA:240,0
DA:243,0
DA:244,0
DA:245,0
DA:246,0
DA:247,0
DA:250,0
DA:252,0
DA:253,0
DA:255,0
DA:256,0
DA:259,0
DA:260,0
DA:261,0
DA:262,0
DA:265,0
DA:266,0
DA:282,0
DA:283,0
DA:287,2
LF:139
LH:11
BRDA:14,0,0,0
BRDA:27,1,0,0
BRDA:32,2,0,0
BRDA:32,2,1,0
BRDA:33,3,0,0
BRDA:33,3,1,0
BRDA:34,4,0,0
BRDA:34,4,1,0
BRDA:35,5,0,0
BRDA:35,5,1,0
BRDA:37,6,0,0
BRDA:37,7,0,0
BRDA:37,7,1,0
BRDA:41,8,0,0
BRDA:41,9,0,0
BRDA:41,9,1,0
BRDA:45,10,0,0
BRDA:49,11,0,0
BRDA:49,12,0,0
BRDA:49,12,1,0
BRDA:54,13,0,0
BRDA:59,14,0,0
BRDA:63,15,0,0
BRDA:92,16,0,0
BRDA:92,16,1,0
BRDA:107,17,0,0
BRDA:112,18,0,0
BRDA:112,18,1,0
BRDA:113,19,0,0
BRDA:113,19,1,0
BRDA:115,20,0,0
BRDA:115,21,0,0
BRDA:115,21,1,0
BRDA:120,22,0,0
BRDA:126,23,0,0
BRDA:126,24,0,0
BRDA:126,24,1,0
BRDA:147,25,0,0
BRDA:147,25,1,0
BRDA:162,26,0,0
BRDA:168,27,0,0
BRDA:168,27,1,0
BRDA:169,28,0,0
BRDA:186,29,0,0
BRDA:187,30,0,0
BRDA:187,30,1,0
BRDA:187,31,0,0
BRDA:187,31,1,0
BRDA:191,32,0,0
BRDA:199,33,0,0
BRDA:200,34,0,0
BRDA:200,34,1,0
BRDA:200,35,0,0
BRDA:200,35,1,0
BRDA:202,36,0,0
BRDA:202,36,1,0
BRDA:202,37,0,0
BRDA:202,37,1,0
BRDA:210,38,0,0
BRDA:217,39,0,0
BRDA:223,40,0,0
BRDA:223,40,1,0
BRDA:238,41,0,0
BRDA:244,42,0,0
BRDA:244,42,1,0
BRDA:245,43,0,0
BRDA:260,44,0,0
BRDA:274,45,0,0
BRDA:274,45,1,0
BRF:69
BRH:0
end_of_record
TN:
SF:src\routes\gameApiRoutes.ts
FN:14,mapPresetRow
FN:28,noDb
FN:36,(anonymous_11)
FN:44,(anonymous_12)
FN:62,(anonymous_13)
FN:88,(anonymous_14)
FN:89,(anonymous_15)
FN:125,(anonymous_16)
FN:142,(anonymous_17)
FN:159,(anonymous_18)
FN:193,(anonymous_19)
FN:201,(anonymous_20)
FN:226,(anonymous_21)
FN:240,(anonymous_22)
FN:266,(anonymous_23)
FN:290,(anonymous_24)
FN:311,mapFriendRow
FN:322,(anonymous_26)
FN:344,(anonymous_27)
FN:398,(anonymous_28)
FN:434,(anonymous_29)
FN:451,(anonymous_30)
FN:468,(anonymous_31)
FN:489,(anonymous_32)
FN:506,(anonymous_33)
FN:517,(anonymous_34)
FN:531,(anonymous_35)
FN:549,(anonymous_36)
FNF:28
FNH:0
FNDA:0,mapPresetRow
FNDA:0,noDb
FNDA:0,(anonymous_11)
FNDA:0,(anonymous_12)
FNDA:0,(anonymous_13)
FNDA:0,(anonymous_14)
FNDA:0,(anonymous_15)
FNDA:0,(anonymous_16)
FNDA:0,(anonymous_17)
FNDA:0,(anonymous_18)
FNDA:0,(anonymous_19)
FNDA:0,(anonymous_20)
FNDA:0,(anonymous_21)
FNDA:0,(anonymous_22)
FNDA:0,(anonymous_23)
FNDA:0,(anonymous_24)
FNDA:0,mapFriendRow
FNDA:0,(anonymous_26)
FNDA:0,(anonymous_27)
FNDA:0,(anonymous_28)
FNDA:0,(anonymous_29)
FNDA:0,(anonymous_30)
FNDA:0,(anonymous_31)
FNDA:0,(anonymous_32)
FNDA:0,(anonymous_33)
FNDA:0,(anonymous_34)
FNDA:0,(anonymous_35)
FNDA:0,(anonymous_36)
DA:1,2
DA:2,2
DA:3,2
DA:4,2
DA:5,2
DA:6,2
DA:7,2
DA:8,2
DA:9,2
DA:10,2
DA:11,2
DA:12,2
DA:15,0
DA:29,0
DA:30,0
DA:31,0
DA:33,0
DA:36,2
DA:37,0
DA:38,0
DA:40,0
DA:41,0
DA:42,0
DA:43,0
DA:44,0
DA:57,0
DA:58,0
DA:62,2
DA:63,0
DA:64,0
DA:66,0
DA:67,0
DA:68,0
DA:69,0
DA:70,0
DA:71,0
DA:72,0
DA:74,0
DA:75,0
DA:76,0
DA:77,0
DA:78,0
DA:79,0
DA:81,0
DA:82,0
DA:84,0
DA:85,0
DA:86,0
DA:87,0
DA:88,0
DA:89,0
DA:90,0
DA:95,0
DA:96,0
DA:97,0
DA:98,0
DA:101,0
DA:120,0
DA:121,0
DA:125,2
DA:126,0
DA:127,0
DA:128,0
DA:129,0
DA:130,0
DA:131,0
DA:132,0
DA:133,0
DA:135,0
DA:137,0
DA:138,0
DA:142,2
DA:143,0
DA:144,0
DA:145,0
DA:146,0
DA:147,0
DA:148,0
DA:149,0
DA:150,0
DA:152,0
DA:154,0
DA:155,0
DA:159,2
DA:160,0
DA:161,0
DA:163,0
DA:164,0
DA:165,0
DA:166,0
DA:168,0
DA:173,0
DA:174,0
DA:175,0
DA:177,0
DA:178,0
DA:182,0
DA:183,0
DA:184,0
DA:186,0
DA:188,0
DA:189,0
DA:193,2
DA:194,0
DA:195,0
DA:197,0
DA:198,0
DA:199,0
DA:200,0
DA:201,0
DA:219,0
DA:221,0
DA:222,0
DA:226,2
DA:227,0
DA:228,0
DA:230,0
DA:231,0
DA:232,0
DA:233,0
DA:235,0
DA:236,0
DA:240,2
DA:241,0
DA:242,0
DA:244,0
DA:245,0
DA:246,0
DA:247,0
DA:248,0
DA:250,0
DA:251,0
DA:252,0
DA:253,0
DA:256,0
DA:258,0
DA:259,0
DA:261,0
DA:262,0
DA:266,2
DA:267,0
DA:268,0
DA:270,0
DA:271,0
DA:272,0
DA:273,0
DA:274,0
DA:275,0
DA:277,0
DA:278,0
DA:279,0
DA:280,0
DA:281,0
DA:283,0
DA:285,0
DA:286,0
DA:290,2
DA:291,0
DA:292,0
DA:294,0
DA:295,0
DA:296,0
DA:297,0
DA:298,0
DA:299,0
DA:300,0
DA:302,0
DA:304,0
DA:305,0
DA:312,0
DA:322,2
DA:323,0
DA:324,0
DA:325,0
DA:326,0
DA:332,0
DA:339,0
DA:340,0
DA:344,2
DA:345,0
DA:346,0
DA:347,0
DA:348,0
DA:349,0
DA:350,0
DA:352,0
DA:353,0
DA:354,0
DA:355,0
DA:356,0
DA:358,0
DA:359,0
DA:360,0
DA:362,0
DA:363,0
DA:364,0
DA:366,0
DA:367,0
DA:368,0
DA:369,0
DA:370,0
DA:376,0
DA:383,0
DA:391,0
DA:393,0
DA:394,0
DA:398,2
DA:399,0
DA:400,0
DA:401,0
DA:402,0
DA:403,0
DA:404,0
DA:406,0
DA:407,0
DA:408,0
DA:409,0
DA:410,0
DA:413,0
DA:420,0
DA:421,0
DA:427,0
DA:429,0
DA:430,0
DA:434,2
DA:435,0
DA:436,0
DA:437,0
DA:438,0
DA:439,0
DA:440,0
DA:442,0
DA:443,0
DA:444,0
DA:446,0
DA:447,0
DA:451,2
DA:452,0
DA:453,0
DA:454,0
DA:455,0
DA:456,0
DA:457,0
DA:459,0
DA:460,0
DA:461,0
DA:463,0
DA:464,0
DA:468,2
DA:469,0
DA:470,0
DA:471,0
DA:472,0
DA:473,0
DA:474,0
DA:476,0
DA:477,0
DA:478,0
DA:479,0
DA:480,0
DA:482,0
DA:484,0
DA:485,0
DA:489,2
DA:490,0
DA:491,0
DA:492,0
DA:493,0
DA:494,0
DA:495,0
DA:497,0
DA:498,0
DA:499,0
DA:501,0
DA:502,0
DA:506,2
DA:507,0
DA:508,0
DA:509,0
DA:510,0
DA:511,0
DA:512,0
DA:514,0
DA:515,0
DA:516,0
DA:517,0
DA:524,0
DA:525,0
DA:531,2
DA:532,0
DA:533,0
DA:534,0
DA:535,0
DA:536,0
DA:537,0
DA:538,0
DA:539,0
DA:541,0
DA:542,0
DA:544,0
DA:545,0
DA:549,2
DA:550,0
DA:551,0
DA:552,0
DA:553,0
DA:554,0
DA:555,0
DA:556,0
DA:558,0
DA:559,0
DA:563,2
LF:312
LH:33
BRDA:29,0,0,0
BRDA:37,1,0,0
BRDA:63,2,0,0
BRDA:67,3,0,0
BRDA:67,3,1,0
BRDA:70,4,0,0
BRDA:75,5,0,0
BRDA:77,6,0,0
BRDA:87,7,0,0
BRDA:87,7,1,0
BRDA:88,8,0,0
BRDA:88,8,1,0
BRDA:89,9,0,0
BRDA:89,9,1,0
BRDA:98,10,0,0
BRDA:98,10,1,0
BRDA:98,11,0,0
BRDA:98,11,1,0
BRDA:116,12,0,0
BRDA:116,12,1,0
BRDA:126,13,0,0
BRDA:128,14,0,0
BRDA:128,14,1,0
BRDA:131,15,0,0
BRDA:143,16,0,0
BRDA:145,17,0,0
BRDA:145,17,1,0
BRDA:148,18,0,0
BRDA:160,19,0,0
BRDA:164,20,0,0
BRDA:164,20,1,0
BRDA:165,21,0,0
BRDA:165,21,1,0
BRDA:168,22,0,0
BRDA:168,22,1,0
BRDA:170,23,0,0
BRDA:170,23,1,0
BRDA:173,24,0,0
BRDA:173,25,0,0
BRDA:173,25,1,0
BRDA:182,26,0,0
BRDA:194,27,0,0
BRDA:215,28,0,0
BRDA:215,28,1,0
BRDA:227,29,0,0
BRDA:241,30,0,0
BRDA:246,31,0,0
BRDA:252,32,0,0
BRDA:267,33,0,0
BRDA:271,34,0,0
BRDA:271,34,1,0
BRDA:273,35,0,0
BRDA:279,36,0,0
BRDA:291,37,0,0
BRDA:295,38,0,0
BRDA:295,38,1,0
BRDA:298,39,0,0
BRDA:323,40,0,0
BRDA:345,41,0,0
BRDA:347,42,0,0
BRDA:347,42,1,0
BRDA:348,43,0,0
BRDA:354,44,0,0
BRDA:358,45,0,0
BRDA:362,46,0,0
BRDA:366,47,0,0
BRDA:368,48,0,0
BRDA:368,48,1,0
BRDA:379,49,0,0
BRDA:379,49,1,0
BRDA:380,50,0,0
BRDA:380,50,1,0
BRDA:399,51,0,0
BRDA:401,52,0,0
BRDA:401,52,1,0
BRDA:402,53,0,0
BRDA:408,54,0,0
BRDA:424,55,0,0
BRDA:424,55,1,0
BRDA:425,56,0,0
BRDA:425,56,1,0
BRDA:435,57,0,0
BRDA:437,58,0,0
BRDA:437,58,1,0
BRDA:438,59,0,0
BRDA:452,60,0,0
BRDA:454,61,0,0
BRDA:454,61,1,0
BRDA:455,62,0,0
BRDA:469,63,0,0
BRDA:471,64,0,0
BRDA:471,64,1,0
BRDA:472,65,0,0
BRDA:478,66,0,0
BRDA:490,67,0,0
BRDA:492,68,0,0
BRDA:492,68,1,0
BRDA:493,69,0,0
BRDA:507,70,0,0
BRDA:509,71,0,0
BRDA:509,71,1,0
BRDA:510,72,0,0
BRDA:532,73,0,0
BRDA:534,74,0,0
BRDA:534,74,1,0
BRDA:537,75,0,0
BRDA:550,76,0,0
BRDA:552,77,0,0
BRDA:552,77,1,0
BRF:109
BRH:0
end_of_record
TN:
SF:src\routes\publicReplayRoutes.ts
FN:8,noDb
FN:21,(anonymous_10)
FN:40,(anonymous_11)
FN:41,(anonymous_12)
FN:81,(anonymous_13)
FN:90,(anonymous_14)
FNF:6
FNH:0
FNDA:0,noDb
FNDA:0,(anonymous_10)
FNDA:0,(anonymous_11)
FNDA:0,(anonymous_12)
FNDA:0,(anonymous_13)
FNDA:0,(anonymous_14)
DA:1,2
DA:2,2
DA:3,2
DA:4,2
DA:6,2
DA:9,0
DA:10,0
DA:11,0
DA:13,0
DA:21,2
DA:22,0
DA:23,0
DA:24,0
DA:25,0
DA:26,0
DA:27,0
DA:28,0
DA:29,0
DA:31,0
DA:32,0
DA:33,0
DA:34,0
DA:36,0
DA:37,0
DA:38,0
DA:39,0
DA:40,0
DA:41,0
DA:42,0
DA:47,0
DA:48,0
DA:49,0
DA:50,0
DA:53,0
DA:72,0
DA:73,0
DA:81,2
DA:82,0
DA:83,0
DA:84,0
DA:85,0
DA:86,0
DA:87,0
DA:88,0
DA:89,0
DA:90,0
DA:107,0
DA:108,0
DA:112,2
LF:49
LH:8
BRDA:9,0,0,0
BRDA:22,1,0,0
BRDA:24,2,0,0
BRDA:24,2,1,0
BRDA:27,3,0,0
BRDA:32,4,0,0
BRDA:39,5,0,0
BRDA:39,5,1,0
BRDA:40,6,0,0
BRDA:40,6,1,0
BRDA:41,7,0,0
BRDA:41,7,1,0
BRDA:50,8,0,0
BRDA:50,8,1,0
BRDA:50,9,0,0
BRDA:50,9,1,0
BRDA:68,10,0,0
BRDA:68,10,1,0
BRDA:82,11,0,0
BRDA:84,12,0,0
BRDA:84,12,1,0
BRDA:84,13,0,0
BRDA:84,13,1,0
BRDA:85,14,0,0
BRDA:85,14,1,0
BRDA:85,15,0,0
BRDA:85,15,1,0
BRDA:86,16,0,0
BRDA:86,16,1,0
BRDA:102,17,0,0
BRDA:102,17,1,0
BRF:31
BRH:0
end_of_record
TN:
SF:src\utils\IDTracker.ts
FN:6,(anonymous_0)
FN:16,(anonymous_1)
FN:25,(anonymous_2)
FN:34,(anonymous_3)
FN:43,(anonymous_4)
FN:48,(anonymous_5)
FN:58,(anonymous_6)
FN:68,(anonymous_7)
FN:78,(anonymous_8)
FN:88,(anonymous_9)
FN:98,(anonymous_10)
FN:108,(anonymous_11)
FN:114,(anonymous_12)
FNF:13
FNH:7
FNDA:0,(anonymous_0)
FNDA:9,(anonymous_1)
FNDA:7,(anonymous_2)
FNDA:1,(anonymous_3)
FNDA:1,(anonymous_4)
FNDA:5,(anonymous_5)
FNDA:5,(anonymous_6)
FNDA:0,(anonymous_7)
FNDA:0,(anonymous_8)
FNDA:0,(anonymous_9)
FNDA:0,(anonymous_10)
FNDA:0,(anonymous_11)
FNDA:1,(anonymous_12)
DA:5,1
DA:8,1
DA:9,1
DA:10,1
DA:11,1
DA:12,1
DA:13,1
DA:15,1
DA:17,9
DA:26,7
DA:35,1
DA:44,1
DA:47,1
DA:49,5
DA:50,0
DA:57,1
DA:59,5
DA:60,5
DA:67,1
DA:69,0
DA:70,0
DA:77,1
DA:79,0
DA:80,0
DA:87,1
DA:89,0
DA:90,0
DA:97,1
DA:99,0
DA:100,0
DA:107,1
DA:109,0
DA:110,0
DA:115,1
DA:116,1
DA:117,1
DA:118,1
DA:119,1
DA:120,2
DA:121,0
DA:123,2
DA:124,2
DA:125,2
DA:126,0
DA:127,2
DA:128,2
DA:129,0
DA:130,0
DA:131,0
DA:132,0
DA:135,1
DA:136,1
DA:137,1
DA:138,1
LF:54
LH:37
BRDA:49,0,0,0
BRDA:120,1,0,0
BRDA:125,2,0,0
BRDA:125,2,1,2
BRDA:127,3,0,2
BRDA:127,3,1,0
BRDA:129,4,0,0
BRDA:129,4,1,0
BRDA:131,5,0,0
BRF:9
BRH:2
end_of_record
TN:
SF:src\utils\roomCodeGenerator.ts
FN:5,(anonymous_0)
FNF:1
FNH:1
FNDA:2,(anonymous_0)
DA:1,1
DA:2,1
DA:3,1
DA:6,2
DA:7,2
DA:8,12
DA:12,2
LF:7
LH:7
BRF:0
BRH:0
end_of_record
TN:
SF:src\utils\seededRandom.ts
FN:4,(anonymous_0)
FN:10,(anonymous_1)
FN:19,(anonymous_2)
FNF:3
FNH:3
FNDA:6,(anonymous_0)
FNDA:86,(anonymous_1)
FNDA:30,(anonymous_2)
DA:1,1
DA:5,6
DA:6,6
DA:11,86
DA:12,86
DA:13,86
DA:14,86
DA:15,86
DA:20,30
DA:21,30
DA:22,30
LF:11
LH:11
BRDA:6,0,0,0
BRDA:6,0,1,6
BRF:2
BRH:1
end_of_record
TN:
SF:src\ws\parseWsUser.ts
FN:5,parseWsUserFromRequest
FNF:1
FNH:1
FNDA:3,parseWsUserFromRequest
DA:2,1
DA:5,1
DA:6,3
DA:7,3
DA:8,3
DA:9,3
DA:10,3
DA:11,1
DA:13,2
DA:14,1
DA:16,1
LF:11
LH:11
BRDA:8,0,0,3
BRDA:8,0,1,0
BRDA:10,1,0,1
BRF:3
BRH:2
end_of_record
TN:
SF:src\ws\userSocketRegistry.ts
FN:9,registerUserSocket
FN:18,unregisterUserSocket
FN:27,notifyUserSockets
FNF:3
FNH:3
FNDA:6,registerUserSocket
FNDA:5,unregisterUserSocket
FNDA:5,notifyUserSockets
DA:1,7
DA:7,7
DA:9,7
DA:10,6
DA:11,6
DA:12,5
DA:13,5
DA:15,6
DA:18,7
DA:19,5
DA:20,5
DA:21,5
DA:22,5
DA:23,4
DA:27,7
DA:28,5
DA:29,5
DA:30,4
DA:31,4
DA:32,5
DA:33,4
DA:34,4
LF:22
LH:22
BRDA:11,0,0,5
BRDA:20,1,0,0
BRDA:22,2,0,4
BRDA:29,3,0,1
BRDA:29,4,0,5
BRDA:29,4,1,4
BRDA:32,5,0,4
BRF:7
BRH:6
end_of_record
